[2021-05-20 00:54:39.472] [exthost] [info] extension host started
[2021-05-20 00:54:39.548] [exthost] [info] ExtensionService#_doActivateExtension vscode.debug-auto-launch {"startup":true,"extensionId":{"value":"vscode.debug-auto-launch","_lower":"vscode.debug-auto-launch"},"activationEvent":"*"}
[2021-05-20 00:54:39.548] [exthost] [info] ExtensionService#loadCommonJSModule file:///home/jdreeder1/.vscode-server/bin/ea3859d4ba2f3e577a159bc91e3074c5d85c0523/extensions/debug-auto-launch/dist/extension
[2021-05-20 00:54:39.581] [exthost] [info] ExtensionService#_doActivateExtension vscode.emmet {"startup":true,"extensionId":{"value":"vscode.emmet","_lower":"vscode.emmet"},"activationEvent":"*"}
[2021-05-20 00:54:39.581] [exthost] [info] ExtensionService#loadCommonJSModule file:///home/jdreeder1/.vscode-server/bin/ea3859d4ba2f3e577a159bc91e3074c5d85c0523/extensions/emmet/dist/node/emmetNodeMain
[2021-05-20 00:54:39.649] [exthost] [info] ExtensionService#_doActivateExtension vscode.git {"startup":true,"extensionId":{"value":"vscode.github","_lower":"vscode.github"},"activationEvent":"*"}
[2021-05-20 00:54:39.651] [exthost] [info] ExtensionService#loadCommonJSModule file:///home/jdreeder1/.vscode-server/bin/ea3859d4ba2f3e577a159bc91e3074c5d85c0523/extensions/git/dist/main
[2021-05-20 00:54:39.765] [exthost] [info] ExtensionService#_doActivateExtension vscode.merge-conflict {"startup":true,"extensionId":{"value":"vscode.merge-conflict","_lower":"vscode.merge-conflict"},"activationEvent":"*"}
[2021-05-20 00:54:39.765] [exthost] [info] ExtensionService#loadCommonJSModule file:///home/jdreeder1/.vscode-server/bin/ea3859d4ba2f3e577a159bc91e3074c5d85c0523/extensions/merge-conflict/dist/mergeConflictMain
[2021-05-20 00:54:39.790] [exthost] [info] ExtensionService#_doActivateExtension vscode.search-result {"startup":true,"extensionId":{"value":"vscode.search-result","_lower":"vscode.search-result"},"activationEvent":"*"}
[2021-05-20 00:54:39.790] [exthost] [info] ExtensionService#loadCommonJSModule file:///home/jdreeder1/.vscode-server/bin/ea3859d4ba2f3e577a159bc91e3074c5d85c0523/extensions/search-result/dist/extension.js
[2021-05-20 00:54:40.281] [exthost] [info] ExtensionService#_doActivateExtension vscode.github {"startup":true,"extensionId":{"value":"vscode.github","_lower":"vscode.github"},"activationEvent":"*"}
[2021-05-20 00:54:40.282] [exthost] [info] ExtensionService#loadCommonJSModule file:///home/jdreeder1/.vscode-server/bin/ea3859d4ba2f3e577a159bc91e3074c5d85c0523/extensions/github/dist/extension.js
[2021-05-20 00:54:40.522] [exthost] [info] eager extensions activated
[2021-05-20 00:54:40.694] [exthost] [info] ExtensionService#_doActivateExtension ms-vscode.js-debug {"startup":false,"extensionId":{"value":"ms-vscode.js-debug","_lower":"ms-vscode.js-debug"},"activationEvent":"onCommand:extension.js-debug.clearAutoAttachVariables"}
[2021-05-20 00:54:40.694] [exthost] [info] ExtensionService#loadCommonJSModule file:///home/jdreeder1/.vscode-server/bin/ea3859d4ba2f3e577a159bc91e3074c5d85c0523/extensions/ms-vscode.js-debug/src/extension.js
[2021-05-20 01:06:19.843] [exthost] [info] ExtensionService#_doActivateExtension ms-toolsai.jupyter {"startup":false,"extensionId":{"value":"ms-toolsai.jupyter","_lower":"ms-toolsai.jupyter"},"activationEvent":"onLanguage:python"}
[2021-05-20 01:06:19.843] [exthost] [info] ExtensionService#loadCommonJSModule file:///home/jdreeder1/.vscode-server/extensions/ms-toolsai.jupyter-2021.2.576440691/out/client/extension
[2021-05-20 01:06:21.972] [exthost] [info] ExtensionService#_doActivateExtension ms-python.python {"startup":false,"extensionId":{"value":"ms-python.python","_lower":"ms-python.python"},"activationEvent":"onLanguage:python"}
[2021-05-20 01:06:21.972] [exthost] [info] ExtensionService#loadCommonJSModule file:///home/jdreeder1/.vscode-server/extensions/ms-python.python-2021.2.633441544/out/client/extension
[2021-05-20 01:07:05.891] [exthost] [info] ExtensionService#_doActivateExtension vscode.html-language-features {"startup":false,"extensionId":{"value":"vscode.html-language-features","_lower":"vscode.html-language-features"},"activationEvent":"onLanguage:html"}
[2021-05-20 01:07:05.891] [exthost] [info] ExtensionService#loadCommonJSModule file:///home/jdreeder1/.vscode-server/bin/ea3859d4ba2f3e577a159bc91e3074c5d85c0523/extensions/html-language-features/client/dist/node/htmlClientMain
[2021-05-20 01:50:29.647] [exthost] [info] ExtensionService#_doActivateExtension vscode.extension-editing {"startup":false,"extensionId":{"value":"vscode.extension-editing","_lower":"vscode.extension-editing"},"activationEvent":"onLanguage:markdown"}
[2021-05-20 01:50:29.648] [exthost] [info] ExtensionService#loadCommonJSModule file:///home/jdreeder1/.vscode-server/bin/ea3859d4ba2f3e577a159bc91e3074c5d85c0523/extensions/extension-editing/dist/extensionEditingMain
[2021-05-20 01:50:29.800] [exthost] [info] ExtensionService#_doActivateExtension vscode.markdown-language-features {"startup":false,"extensionId":{"value":"vscode.markdown-language-features","_lower":"vscode.markdown-language-features"},"activationEvent":"onLanguage:markdown"}
[2021-05-20 01:50:29.800] [exthost] [info] ExtensionService#loadCommonJSModule file:///home/jdreeder1/.vscode-server/bin/ea3859d4ba2f3e577a159bc91e3074c5d85c0523/extensions/markdown-language-features/dist/extension
[2021-05-24 01:09:37.290] [exthost] [error] [vscode.html-language-features] provider FAILED
[2021-05-24 01:09:37.293] [exthost] [error] Canceled: Canceled
	at _.makeCancelError (/home/jdreeder1/.vscode-server/bin/ea3859d4ba2f3e577a159bc91e3074c5d85c0523/extensions/html-language-features/client/dist/node/htmlClientMain.js:1:60768)
	at _.handleFailedRequest (/home/jdreeder1/.vscode-server/bin/ea3859d4ba2f3e577a159bc91e3074c5d85c0523/extensions/html-language-features/client/dist/node/htmlClientMain.js:1:60622)
	at /home/jdreeder1/.vscode-server/bin/ea3859d4ba2f3e577a159bc91e3074c5d85c0523/extensions/html-language-features/client/dist/node/htmlClientMain.js:1:23400
[2021-05-24 01:40:38.385] [exthost] [info] ExtensionService#_doActivateExtension vscode.css-language-features {"startup":false,"extensionId":{"value":"vscode.css-language-features","_lower":"vscode.css-language-features"},"activationEvent":"onLanguage:css"}
[2021-05-24 01:40:38.399] [exthost] [info] ExtensionService#loadCommonJSModule file:///home/jdreeder1/.vscode-server/bin/ea3859d4ba2f3e577a159bc91e3074c5d85c0523/extensions/css-language-features/client/dist/node/cssClientMain
[2021-05-26 00:22:43.867] [exthost] [info] ExtensionService#_doActivateExtension vscode.typescript-language-features {"startup":false,"extensionId":{"value":"vscode.typescript-language-features","_lower":"vscode.typescript-language-features"},"activationEvent":"onLanguage:typescript"}
[2021-05-26 00:22:43.867] [exthost] [info] ExtensionService#loadCommonJSModule file:///home/jdreeder1/.vscode-server/bin/ea3859d4ba2f3e577a159bc91e3074c5d85c0523/extensions/typescript-language-features/dist/extension
[2021-05-29 18:38:32.486] [exthost] [error] [vscode.typescript-language-features] provider FAILED
[2021-05-29 18:38:32.486] [exthost] [error] Error: DisposableStore is missing...
	at H._convertCompletionItem (/home/jdreeder1/.vscode-server/bin/ea3859d4ba2f3e577a159bc91e3074c5d85c0523/out/vs/server/remoteExtensionHostProcess.js:789:55)
	at H.resolveCompletionItem (/home/jdreeder1/.vscode-server/bin/ea3859d4ba2f3e577a159bc91e3074c5d85c0523/out/vs/server/remoteExtensionHostProcess.js:788:813)
	at runMicrotasks (<anonymous>)
	at processTicksAndRejections (internal/process/task_queues.js:94:5)
