[2021-05-31 13:50:12.712] [exthost] [info] extension host started
[2021-05-31 13:50:12.776] [exthost] [info] ExtensionService#_doActivateExtension vscode.emmet {"startup":false,"extensionId":{"value":"vscode.emmet","_lower":"vscode.emmet"},"activationEvent":"onLanguage:html"}
[2021-05-31 13:50:12.777] [exthost] [info] ExtensionService#loadCommonJSModule file:///home/jdreeder1/.vscode-server/bin/ea3859d4ba2f3e577a159bc91e3074c5d85c0523/extensions/emmet/dist/node/emmetNodeMain
[2021-05-31 13:50:12.911] [exthost] [info] ExtensionService#_doActivateExtension vscode.html-language-features {"startup":false,"extensionId":{"value":"vscode.html-language-features","_lower":"vscode.html-language-features"},"activationEvent":"onLanguage:html"}
[2021-05-31 13:50:12.912] [exthost] [info] ExtensionService#loadCommonJSModule file:///home/jdreeder1/.vscode-server/bin/ea3859d4ba2f3e577a159bc91e3074c5d85c0523/extensions/html-language-features/client/dist/node/htmlClientMain
[2021-05-31 13:50:12.995] [exthost] [info] ExtensionService#_doActivateExtension vscode.debug-auto-launch {"startup":true,"extensionId":{"value":"vscode.debug-auto-launch","_lower":"vscode.debug-auto-launch"},"activationEvent":"*"}
[2021-05-31 13:50:12.995] [exthost] [info] ExtensionService#loadCommonJSModule file:///home/jdreeder1/.vscode-server/bin/ea3859d4ba2f3e577a159bc91e3074c5d85c0523/extensions/debug-auto-launch/dist/extension
[2021-05-31 13:50:13.060] [exthost] [info] ExtensionService#_doActivateExtension vscode.git {"startup":true,"extensionId":{"value":"vscode.github","_lower":"vscode.github"},"activationEvent":"*"}
[2021-05-31 13:50:13.060] [exthost] [info] ExtensionService#loadCommonJSModule file:///home/jdreeder1/.vscode-server/bin/ea3859d4ba2f3e577a159bc91e3074c5d85c0523/extensions/git/dist/main
[2021-05-31 13:50:13.222] [exthost] [info] ExtensionService#_doActivateExtension vscode.merge-conflict {"startup":true,"extensionId":{"value":"vscode.merge-conflict","_lower":"vscode.merge-conflict"},"activationEvent":"*"}
[2021-05-31 13:50:13.222] [exthost] [info] ExtensionService#loadCommonJSModule file:///home/jdreeder1/.vscode-server/bin/ea3859d4ba2f3e577a159bc91e3074c5d85c0523/extensions/merge-conflict/dist/mergeConflictMain
[2021-05-31 13:50:13.282] [exthost] [info] ExtensionService#_doActivateExtension vscode.search-result {"startup":true,"extensionId":{"value":"vscode.search-result","_lower":"vscode.search-result"},"activationEvent":"*"}
[2021-05-31 13:50:13.282] [exthost] [info] ExtensionService#loadCommonJSModule file:///home/jdreeder1/.vscode-server/bin/ea3859d4ba2f3e577a159bc91e3074c5d85c0523/extensions/search-result/dist/extension.js
[2021-05-31 13:50:13.712] [exthost] [info] ExtensionService#_doActivateExtension ms-vscode.js-debug {"startup":false,"extensionId":{"value":"ms-vscode.js-debug","_lower":"ms-vscode.js-debug"},"activationEvent":"onCommand:extension.js-debug.clearAutoAttachVariables"}
[2021-05-31 13:50:13.712] [exthost] [info] ExtensionService#loadCommonJSModule file:///home/jdreeder1/.vscode-server/bin/ea3859d4ba2f3e577a159bc91e3074c5d85c0523/extensions/ms-vscode.js-debug/src/extension.js
[2021-05-31 13:50:14.446] [exthost] [info] ExtensionService#_doActivateExtension vscode.github {"startup":true,"extensionId":{"value":"vscode.github","_lower":"vscode.github"},"activationEvent":"*"}
[2021-05-31 13:50:14.446] [exthost] [info] ExtensionService#loadCommonJSModule file:///home/jdreeder1/.vscode-server/bin/ea3859d4ba2f3e577a159bc91e3074c5d85c0523/extensions/github/dist/extension.js
[2021-05-31 13:50:15.042] [exthost] [info] eager extensions activated
[2021-05-31 13:53:26.349] [exthost] [info] ExtensionService#_doActivateExtension ms-toolsai.jupyter {"startup":false,"extensionId":{"value":"ms-toolsai.jupyter","_lower":"ms-toolsai.jupyter"},"activationEvent":"onLanguage:python"}
[2021-05-31 13:53:26.349] [exthost] [info] ExtensionService#loadCommonJSModule file:///home/jdreeder1/.vscode-server/extensions/ms-toolsai.jupyter-2021.2.576440691/out/client/extension
[2021-05-31 13:53:28.431] [exthost] [info] ExtensionService#_doActivateExtension ms-python.python {"startup":false,"extensionId":{"value":"ms-python.python","_lower":"ms-python.python"},"activationEvent":"onLanguage:python"}
[2021-05-31 13:53:28.432] [exthost] [info] ExtensionService#loadCommonJSModule file:///home/jdreeder1/.vscode-server/extensions/ms-python.python-2021.2.633441544/out/client/extension
[2021-05-31 14:33:51.196] [exthost] [info] ExtensionService#_doActivateExtension vscode.extension-editing {"startup":false,"extensionId":{"value":"vscode.extension-editing","_lower":"vscode.extension-editing"},"activationEvent":"onLanguage:typescript"}
[2021-05-31 14:33:51.198] [exthost] [info] ExtensionService#loadCommonJSModule file:///home/jdreeder1/.vscode-server/bin/ea3859d4ba2f3e577a159bc91e3074c5d85c0523/extensions/extension-editing/dist/extensionEditingMain
[2021-05-31 14:33:51.265] [exthost] [info] ExtensionService#_doActivateExtension vscode.typescript-language-features {"startup":false,"extensionId":{"value":"vscode.typescript-language-features","_lower":"vscode.typescript-language-features"},"activationEvent":"onLanguage:typescript"}
[2021-05-31 14:33:51.265] [exthost] [info] ExtensionService#loadCommonJSModule file:///home/jdreeder1/.vscode-server/bin/ea3859d4ba2f3e577a159bc91e3074c5d85c0523/extensions/typescript-language-features/dist/extension
[2021-06-15 00:41:59.357] [exthost] [info] ExtensionService#_doActivateExtension vscode.css-language-features {"startup":false,"extensionId":{"value":"vscode.css-language-features","_lower":"vscode.css-language-features"},"activationEvent":"onLanguage:css"}
[2021-06-15 00:41:59.383] [exthost] [info] ExtensionService#loadCommonJSModule file:///home/jdreeder1/.vscode-server/bin/ea3859d4ba2f3e577a159bc91e3074c5d85c0523/extensions/css-language-features/client/dist/node/cssClientMain
