[2021-06-30 23:12:27.631] [exthost] [info] extension host started
[2021-06-30 23:12:27.739] [exthost] [info] ExtensionService#_doActivateExtension ms-toolsai.jupyter {"startup":false,"extensionId":{"value":"ms-toolsai.jupyter","_lower":"ms-toolsai.jupyter"},"activationEvent":"onLanguage:python"}
[2021-06-30 23:12:27.739] [exthost] [info] ExtensionService#loadCommonJSModule file:///home/jdreeder1/.vscode-server/extensions/ms-toolsai.jupyter-2021.2.576440691/out/client/extension
[2021-06-30 23:12:28.467] [exthost] [info] ExtensionService#_doActivateExtension vscode.debug-auto-launch {"startup":true,"extensionId":{"value":"vscode.debug-auto-launch","_lower":"vscode.debug-auto-launch"},"activationEvent":"*"}
[2021-06-30 23:12:28.467] [exthost] [info] ExtensionService#loadCommonJSModule file:///home/jdreeder1/.vscode-server/bin/ea3859d4ba2f3e577a159bc91e3074c5d85c0523/extensions/debug-auto-launch/dist/extension
[2021-06-30 23:12:28.528] [exthost] [info] ExtensionService#_doActivateExtension vscode.emmet {"startup":true,"extensionId":{"value":"vscode.emmet","_lower":"vscode.emmet"},"activationEvent":"*"}
[2021-06-30 23:12:28.528] [exthost] [info] ExtensionService#loadCommonJSModule file:///home/jdreeder1/.vscode-server/bin/ea3859d4ba2f3e577a159bc91e3074c5d85c0523/extensions/emmet/dist/node/emmetNodeMain
[2021-06-30 23:12:28.625] [exthost] [info] ExtensionService#_doActivateExtension vscode.git {"startup":true,"extensionId":{"value":"vscode.github","_lower":"vscode.github"},"activationEvent":"*"}
[2021-06-30 23:12:28.625] [exthost] [info] ExtensionService#loadCommonJSModule file:///home/jdreeder1/.vscode-server/bin/ea3859d4ba2f3e577a159bc91e3074c5d85c0523/extensions/git/dist/main
[2021-06-30 23:12:28.750] [exthost] [info] ExtensionService#_doActivateExtension vscode.merge-conflict {"startup":true,"extensionId":{"value":"vscode.merge-conflict","_lower":"vscode.merge-conflict"},"activationEvent":"*"}
[2021-06-30 23:12:28.750] [exthost] [info] ExtensionService#loadCommonJSModule file:///home/jdreeder1/.vscode-server/bin/ea3859d4ba2f3e577a159bc91e3074c5d85c0523/extensions/merge-conflict/dist/mergeConflictMain
[2021-06-30 23:12:28.827] [exthost] [info] ExtensionService#_doActivateExtension vscode.search-result {"startup":true,"extensionId":{"value":"vscode.search-result","_lower":"vscode.search-result"},"activationEvent":"*"}
[2021-06-30 23:12:28.827] [exthost] [info] ExtensionService#loadCommonJSModule file:///home/jdreeder1/.vscode-server/bin/ea3859d4ba2f3e577a159bc91e3074c5d85c0523/extensions/search-result/dist/extension.js
[2021-06-30 23:12:29.500] [exthost] [info] ExtensionService#_doActivateExtension ms-vscode.js-debug {"startup":false,"extensionId":{"value":"ms-vscode.js-debug","_lower":"ms-vscode.js-debug"},"activationEvent":"onCommand:extension.js-debug.clearAutoAttachVariables"}
[2021-06-30 23:12:29.500] [exthost] [info] ExtensionService#loadCommonJSModule file:///home/jdreeder1/.vscode-server/bin/ea3859d4ba2f3e577a159bc91e3074c5d85c0523/extensions/ms-vscode.js-debug/src/extension.js
[2021-06-30 23:12:34.990] [exthost] [info] ExtensionService#_doActivateExtension vscode.github {"startup":true,"extensionId":{"value":"vscode.github","_lower":"vscode.github"},"activationEvent":"*"}
[2021-06-30 23:12:34.991] [exthost] [info] ExtensionService#loadCommonJSModule file:///home/jdreeder1/.vscode-server/bin/ea3859d4ba2f3e577a159bc91e3074c5d85c0523/extensions/github/dist/extension.js
[2021-06-30 23:12:35.627] [exthost] [info] ExtensionService#_doActivateExtension ms-python.python {"startup":false,"extensionId":{"value":"ms-python.python","_lower":"ms-python.python"},"activationEvent":"onLanguage:python"}
[2021-06-30 23:12:35.627] [exthost] [info] ExtensionService#loadCommonJSModule file:///home/jdreeder1/.vscode-server/extensions/ms-python.python-2021.2.633441544/out/client/extension
[2021-06-30 23:12:37.186] [exthost] [info] eager extensions activated
[2021-07-03 17:08:41.601] [exthost] [warning] [Decorations] CAPPING events from decorations provider vscode.git 4350
[2021-07-03 17:08:46.876] [exthost] [warning] [Decorations] CAPPING events from decorations provider vscode.git 4350
[2021-07-03 17:10:17.633] [exthost] [warning] [Decorations] CAPPING events from decorations provider vscode.git 4350
[2021-07-03 17:10:27.326] [exthost] [warning] [Decorations] CAPPING events from decorations provider vscode.git 4350
[2021-07-03 17:10:44.455] [exthost] [warning] [Decorations] CAPPING events from decorations provider vscode.git 4350
[2021-07-03 17:16:33.632] [exthost] [warning] [Decorations] CAPPING events from decorations provider vscode.git 4350
[2021-07-03 17:17:40.100] [exthost] [warning] [Decorations] CAPPING events from decorations provider vscode.git 4350
[2021-07-03 17:19:44.844] [exthost] [warning] [Decorations] CAPPING events from decorations provider vscode.git 4350
[2021-07-03 17:19:55.531] [exthost] [warning] [Decorations] CAPPING events from decorations provider vscode.git 4350
[2021-07-03 17:20:05.219] [exthost] [warning] [Decorations] CAPPING events from decorations provider vscode.git 4350
[2021-07-03 17:22:42.792] [exthost] [warning] [Decorations] CAPPING events from decorations provider vscode.git 4356
[2021-07-03 17:22:46.608] [exthost] [info] ExtensionService#_doActivateExtension GitHub.vscode-pull-request-github {"startup":false,"extensionId":{"value":"GitHub.vscode-pull-request-github","_lower":"github.vscode-pull-request-github"},"activationEvent":"onStartupFinished"}
[2021-07-03 17:22:46.610] [exthost] [info] ExtensionService#loadCommonJSModule file:///home/jdreeder1/.vscode-server/extensions/github.vscode-pull-request-github-0.22.0/media/extension
[2021-07-03 17:22:52.502] [exthost] [warning] [Decorations] CAPPING events from decorations provider vscode.git 4381
[2021-07-03 17:25:03.713] [exthost] [warning] [Decorations] CAPPING events from decorations provider vscode.git 4376
[2021-07-03 17:25:12.511] [exthost] [warning] [Decorations] CAPPING events from decorations provider vscode.git 4376
[2021-07-03 17:25:25.230] [exthost] [warning] [Decorations] CAPPING events from decorations provider vscode.git 4376
[2021-07-03 17:25:34.618] [exthost] [warning] [Decorations] CAPPING events from decorations provider vscode.git 4376
[2021-07-03 17:28:01.791] [exthost] [warning] [Decorations] CAPPING events from decorations provider vscode.git 4376
[2021-07-03 17:29:41.674] [exthost] [warning] [Decorations] CAPPING events from decorations provider vscode.git 4376
[2021-07-03 17:29:50.611] [exthost] [warning] [Decorations] CAPPING events from decorations provider vscode.git 4376
[2021-07-03 17:30:31.714] [exthost] [warning] [Decorations] CAPPING events from decorations provider vscode.git 4376
[2021-07-03 17:30:40.087] [exthost] [warning] [Decorations] CAPPING events from decorations provider vscode.git 4376
[2021-07-03 17:30:57.263] [exthost] [warning] [Decorations] CAPPING events from decorations provider vscode.git 4376
[2021-07-03 17:31:08.914] [exthost] [warning] [Decorations] CAPPING events from decorations provider vscode.git 4376
[2021-07-03 17:31:18.705] [exthost] [warning] [Decorations] CAPPING events from decorations provider vscode.git 4376
[2021-07-03 17:31:55.884] [exthost] [warning] [Decorations] CAPPING events from decorations provider vscode.git 4376
[2021-07-03 17:32:04.633] [exthost] [warning] [Decorations] CAPPING events from decorations provider vscode.git 4376
[2021-07-03 17:32:26.931] [exthost] [warning] [Decorations] CAPPING events from decorations provider vscode.git 4376
[2021-07-03 17:32:37.138] [exthost] [warning] [Decorations] CAPPING events from decorations provider vscode.git 4376
[2021-07-03 17:32:57.025] [exthost] [warning] [Decorations] CAPPING events from decorations provider vscode.git 4376
[2021-07-03 17:33:09.624] [exthost] [warning] [Decorations] CAPPING events from decorations provider vscode.git 4376
[2021-07-03 17:33:18.999] [exthost] [warning] [Decorations] CAPPING events from decorations provider vscode.git 4376
[2021-07-03 17:33:28.278] [exthost] [warning] [Decorations] CAPPING events from decorations provider vscode.git 4376
[2021-07-03 17:33:37.186] [exthost] [warning] [Decorations] CAPPING events from decorations provider vscode.git 4376
[2021-07-03 17:33:45.745] [exthost] [warning] [Decorations] CAPPING events from decorations provider vscode.git 4376
[2021-07-03 17:34:03.381] [exthost] [warning] [Decorations] CAPPING events from decorations provider vscode.git 4376
[2021-07-03 17:34:11.637] [exthost] [warning] [Decorations] CAPPING events from decorations provider vscode.git 4376
[2021-07-03 17:35:28.998] [exthost] [warning] [Decorations] CAPPING events from decorations provider vscode.git 4376
[2021-07-03 17:35:38.488] [exthost] [warning] [Decorations] CAPPING events from decorations provider vscode.git 4376
[2021-07-03 17:35:46.926] [exthost] [warning] [Decorations] CAPPING events from decorations provider vscode.git 4376
[2021-07-03 17:36:00.495] [exthost] [warning] [Decorations] CAPPING events from decorations provider vscode.git 4376
[2021-07-03 17:36:27.552] [exthost] [warning] [Decorations] CAPPING events from decorations provider vscode.git 4376
[2021-07-03 17:37:01.549] [exthost] [warning] [Decorations] CAPPING events from decorations provider vscode.git 4376
[2021-07-03 17:37:28.820] [exthost] [warning] [Decorations] CAPPING events from decorations provider vscode.git 4376
[2021-07-03 17:37:33.647] [exthost] [warning] [Decorations] CAPPING events from decorations provider vscode.git 4376
[2021-07-03 17:37:38.239] [exthost] [warning] [Decorations] CAPPING events from decorations provider vscode.git 4376
[2021-07-03 17:37:50.363] [exthost] [warning] [Decorations] CAPPING events from decorations provider vscode.git 4376
[2021-07-03 17:37:58.893] [exthost] [warning] [Decorations] CAPPING events from decorations provider vscode.git 4376
[2021-07-03 17:38:11.401] [exthost] [warning] [Decorations] CAPPING events from decorations provider vscode.git 4376
[2021-07-03 17:38:38.784] [exthost] [warning] [Decorations] CAPPING events from decorations provider vscode.git 4376
[2021-07-03 17:38:45.198] [exthost] [warning] [Decorations] CAPPING events from decorations provider vscode.git 4376
