[2021-07-03 17:41:23.470] [exthost] [info] extension host started
[2021-07-03 17:41:23.514] [exthost] [info] ExtensionService#_doActivateExtension vscode.debug-auto-launch {"startup":true,"extensionId":{"value":"vscode.debug-auto-launch","_lower":"vscode.debug-auto-launch"},"activationEvent":"*"}
[2021-07-03 17:41:23.514] [exthost] [info] ExtensionService#loadCommonJSModule file:///home/jdreeder1/.vscode-server/bin/ea3859d4ba2f3e577a159bc91e3074c5d85c0523/extensions/debug-auto-launch/dist/extension
[2021-07-03 17:41:23.529] [exthost] [info] ExtensionService#_doActivateExtension vscode.emmet {"startup":true,"extensionId":{"value":"vscode.emmet","_lower":"vscode.emmet"},"activationEvent":"*"}
[2021-07-03 17:41:23.529] [exthost] [info] ExtensionService#loadCommonJSModule file:///home/jdreeder1/.vscode-server/bin/ea3859d4ba2f3e577a159bc91e3074c5d85c0523/extensions/emmet/dist/node/emmetNodeMain
[2021-07-03 17:41:23.591] [exthost] [info] ExtensionService#_doActivateExtension vscode.git {"startup":true,"extensionId":{"value":"vscode.github","_lower":"vscode.github"},"activationEvent":"*"}
[2021-07-03 17:41:23.591] [exthost] [info] ExtensionService#loadCommonJSModule file:///home/jdreeder1/.vscode-server/bin/ea3859d4ba2f3e577a159bc91e3074c5d85c0523/extensions/git/dist/main
[2021-07-03 17:41:23.703] [exthost] [info] ExtensionService#_doActivateExtension vscode.merge-conflict {"startup":true,"extensionId":{"value":"vscode.merge-conflict","_lower":"vscode.merge-conflict"},"activationEvent":"*"}
[2021-07-03 17:41:23.704] [exthost] [info] ExtensionService#loadCommonJSModule file:///home/jdreeder1/.vscode-server/bin/ea3859d4ba2f3e577a159bc91e3074c5d85c0523/extensions/merge-conflict/dist/mergeConflictMain
[2021-07-03 17:41:23.712] [exthost] [info] ExtensionService#_doActivateExtension vscode.search-result {"startup":true,"extensionId":{"value":"vscode.search-result","_lower":"vscode.search-result"},"activationEvent":"*"}
[2021-07-03 17:41:23.712] [exthost] [info] ExtensionService#loadCommonJSModule file:///home/jdreeder1/.vscode-server/bin/ea3859d4ba2f3e577a159bc91e3074c5d85c0523/extensions/search-result/dist/extension.js
[2021-07-03 17:41:23.989] [exthost] [info] ExtensionService#_doActivateExtension ms-vscode.js-debug {"startup":false,"extensionId":{"value":"ms-vscode.js-debug","_lower":"ms-vscode.js-debug"},"activationEvent":"onCommand:extension.js-debug.clearAutoAttachVariables"}
[2021-07-03 17:41:23.990] [exthost] [info] ExtensionService#loadCommonJSModule file:///home/jdreeder1/.vscode-server/bin/ea3859d4ba2f3e577a159bc91e3074c5d85c0523/extensions/ms-vscode.js-debug/src/extension.js
[2021-07-03 17:41:24.414] [exthost] [info] ExtensionService#_doActivateExtension vscode.github {"startup":true,"extensionId":{"value":"vscode.github","_lower":"vscode.github"},"activationEvent":"*"}
[2021-07-03 17:41:24.414] [exthost] [info] ExtensionService#loadCommonJSModule file:///home/jdreeder1/.vscode-server/bin/ea3859d4ba2f3e577a159bc91e3074c5d85c0523/extensions/github/dist/extension.js
[2021-07-03 17:41:24.600] [exthost] [info] ExtensionService#_doActivateExtension GitHub.vscode-pull-request-github {"startup":false,"extensionId":{"value":"GitHub.vscode-pull-request-github","_lower":"github.vscode-pull-request-github"},"activationEvent":"onStartupFinished"}
[2021-07-03 17:41:24.600] [exthost] [info] ExtensionService#loadCommonJSModule file:///home/jdreeder1/.vscode-server/extensions/github.vscode-pull-request-github-0.22.0/media/extension
[2021-07-03 17:41:24.796] [exthost] [info] eager extensions activated
[2021-07-03 17:41:26.110] [exthost] [warning] [Decorations] CAPPING events from decorations provider vscode.git 4380
[2021-07-03 17:41:30.082] [exthost] [warning] [Decorations] CAPPING events from decorations provider vscode.git 4380
[2021-07-03 17:41:40.139] [exthost] [warning] [Decorations] CAPPING events from decorations provider vscode.git 4380
[2021-07-03 17:41:49.558] [exthost] [warning] [Decorations] CAPPING events from decorations provider vscode.git 4380
[2021-07-03 17:41:59.089] [exthost] [warning] [Decorations] CAPPING events from decorations provider vscode.git 4380
[2021-07-03 17:42:09.911] [exthost] [warning] [Decorations] CAPPING events from decorations provider vscode.git 4380
[2021-07-03 17:42:19.958] [exthost] [warning] [Decorations] CAPPING events from decorations provider vscode.git 4380
[2021-07-03 17:42:42.105] [exthost] [warning] [Decorations] CAPPING events from decorations provider vscode.git 4380
[2021-07-03 17:42:49.201] [exthost] [warning] [Decorations] CAPPING events from decorations provider vscode.git 4380
[2021-07-03 17:42:59.483] [exthost] [warning] [Decorations] CAPPING events from decorations provider vscode.git 4380
[2021-07-03 17:43:10.649] [exthost] [warning] [Decorations] CAPPING events from decorations provider vscode.git 4380
[2021-07-03 17:43:45.501] [exthost] [warning] [Decorations] CAPPING events from decorations provider vscode.git 4380
[2021-07-03 17:43:54.835] [exthost] [warning] [Decorations] CAPPING events from decorations provider vscode.git 4380
[2021-07-03 20:44:55.157] [exthost] [warning] [Decorations] CAPPING events from decorations provider vscode.git 4380
[2021-07-03 20:57:25.016] [exthost] [warning] [Decorations] CAPPING events from decorations provider vscode.git 4380
[2021-07-03 20:57:35.181] [exthost] [warning] [Decorations] CAPPING events from decorations provider vscode.git 4380
[2021-07-03 20:57:44.064] [exthost] [warning] [Decorations] CAPPING events from decorations provider vscode.git 4380
[2021-07-03 20:58:21.149] [exthost] [warning] [Decorations] CAPPING events from decorations provider vscode.git 4380
[2021-07-03 20:58:29.951] [exthost] [warning] [Decorations] CAPPING events from decorations provider vscode.git 4380
[2021-07-03 20:58:50.215] [exthost] [warning] [Decorations] CAPPING events from decorations provider vscode.git 4380
[2021-07-03 20:59:21.837] [exthost] [warning] [Decorations] CAPPING events from decorations provider vscode.git 4380
[2021-07-03 20:59:31.379] [exthost] [warning] [Decorations] CAPPING events from decorations provider vscode.git 4380
[2021-07-03 21:00:08.952] [exthost] [warning] [Decorations] CAPPING events from decorations provider vscode.git 4380
[2021-07-03 21:00:46.428] [exthost] [warning] [Decorations] CAPPING events from decorations provider vscode.git 4380
[2021-07-03 21:02:32.719] [exthost] [warning] [Decorations] CAPPING events from decorations provider vscode.git 4380
[2021-07-03 21:02:58.988] [exthost] [warning] [Decorations] CAPPING events from decorations provider vscode.git 4380
[2021-07-03 21:03:12.786] [exthost] [warning] [Decorations] CAPPING events from decorations provider vscode.git 4380
[2021-07-03 21:04:21.020] [exthost] [warning] [Decorations] CAPPING events from decorations provider vscode.git 4380
[2021-07-03 21:04:29.518] [exthost] [warning] [Decorations] CAPPING events from decorations provider vscode.git 4380
[2021-07-03 21:07:05.329] [exthost] [warning] [Decorations] CAPPING events from decorations provider vscode.git 4380
[2021-07-03 21:07:14.347] [exthost] [warning] [Decorations] CAPPING events from decorations provider vscode.git 4380
[2021-07-03 21:07:32.816] [exthost] [warning] [Decorations] CAPPING events from decorations provider vscode.git 4380
[2021-07-03 21:07:41.968] [exthost] [warning] [Decorations] CAPPING events from decorations provider vscode.git 4380
[2021-07-03 21:08:24.249] [exthost] [warning] [Decorations] CAPPING events from decorations provider vscode.git 4380
[2021-07-03 21:08:52.929] [exthost] [warning] [Decorations] CAPPING events from decorations provider vscode.git 4380
[2021-07-03 21:11:19.388] [exthost] [warning] [Decorations] CAPPING events from decorations provider vscode.git 4381
[2021-07-03 21:11:53.640] [exthost] [warning] [Decorations] CAPPING events from decorations provider vscode.git 4381
[2021-07-03 21:12:31.913] [exthost] [warning] [Decorations] CAPPING events from decorations provider vscode.git 4381
[2021-07-03 21:12:45.728] [exthost] [warning] [Decorations] CAPPING events from decorations provider vscode.git 4381
[2021-07-03 21:12:59.970] [exthost] [warning] [Decorations] CAPPING events from decorations provider vscode.git 4381
[2021-07-03 21:18:07.342] [exthost] [warning] [Decorations] CAPPING events from decorations provider vscode.git 4381
[2021-07-03 21:18:15.517] [exthost] [warning] [Decorations] CAPPING events from decorations provider vscode.git 4381
[2021-07-03 21:32:46.230] [exthost] [warning] [Decorations] CAPPING events from decorations provider vscode.git 4381
[2021-07-03 21:32:55.547] [exthost] [warning] [Decorations] CAPPING events from decorations provider vscode.git 4381
[2021-07-03 21:35:14.422] [exthost] [warning] [Decorations] CAPPING events from decorations provider vscode.git 4381
[2021-07-03 21:35:21.938] [exthost] [warning] [Decorations] CAPPING events from decorations provider vscode.git 4381
[2021-07-03 21:35:30.505] [exthost] [warning] [Decorations] CAPPING events from decorations provider vscode.git 4381
[2021-07-03 21:40:41.625] [exthost] [warning] [Decorations] CAPPING events from decorations provider vscode.git 4381
[2021-07-03 21:41:52.166] [exthost] [warning] [Decorations] CAPPING events from decorations provider vscode.git 4381
[2021-07-03 21:42:01.601] [exthost] [warning] [Decorations] CAPPING events from decorations provider vscode.git 4381
[2021-07-03 21:42:28.919] [exthost] [warning] [Decorations] CAPPING events from decorations provider vscode.git 4381
[2021-07-03 21:42:38.150] [exthost] [warning] [Decorations] CAPPING events from decorations provider vscode.git 4381
[2021-07-03 21:48:48.775] [exthost] [warning] [Decorations] CAPPING events from decorations provider vscode.git 4381
[2021-07-03 21:49:42.680] [exthost] [warning] [Decorations] CAPPING events from decorations provider vscode.git 4381
[2021-07-03 21:50:02.983] [exthost] [warning] [Decorations] CAPPING events from decorations provider vscode.git 4381
[2021-07-03 21:50:11.442] [exthost] [warning] [Decorations] CAPPING events from decorations provider vscode.git 4381
