User belongs to experiment group 'pythonaacf'
User belongs to experiment group 'pythonSendEntireLineToREPL'
User belongs to experiment group 'pythonNotDisplayLinterPrompt'
User belongs to experiment group 'pythonDiscoveryModulecf'
User belongs to experiment group 'pythonTensorboardExperiment'
User belongs to experiment group 'PythonPyTorchProfiler'
User belongs to experiment group 'CollectLSRequestTiming - control'
User belongs to experiment group 'CollectNodeLSRequestTiming - experiment'
User belongs to experiment group 'DeprecatePythonPath - experiment'
> conda --version
> pyenv root
> python3.7 ~/.vscode-server/extensions/ms-python.python-2021.2.633441544/pythonFiles/pyvsc-run-isolated.py -c "import sys;print(sys.executable)"
> python3.6 ~/.vscode-server/extensions/ms-python.python-2021.2.633441544/pythonFiles/pyvsc-run-isolated.py -c "import sys;print(sys.executable)"
> python3 ~/.vscode-server/extensions/ms-python.python-2021.2.633441544/pythonFiles/pyvsc-run-isolated.py -c "import sys;print(sys.executable)"
> python2 ~/.vscode-server/extensions/ms-python.python-2021.2.633441544/pythonFiles/pyvsc-run-isolated.py -c "import sys;print(sys.executable)"
> python ~/.vscode-server/extensions/ms-python.python-2021.2.633441544/pythonFiles/pyvsc-run-isolated.py -c "import sys;print(sys.executable)"
> python ~/.vscode-server/extensions/ms-python.python-2021.2.633441544/pythonFiles/pyvsc-run-isolated.py -c "import sys;print(sys.executable)"
> conda info --json
> python ~/.vscode-server/extensions/ms-python.python-2021.2.633441544/pythonFiles/pyvsc-run-isolated.py -c "import sys;print(sys.executable)"
> python ~/.vscode-server/extensions/ms-python.python-2021.2.633441544/pythonFiles/pyvsc-run-isolated.py -c "import sys;print(sys.executable)"
> python ~/.vscode-server/extensions/ms-python.python-2021.2.633441544/pythonFiles/pyvsc-run-isolated.py -c "import sys;print(sys.executable)"
> python ~/.vscode-server/extensions/ms-python.python-2021.2.633441544/pythonFiles/pyvsc-run-isolated.py -c "import sys;print(sys.executable)"
Error 2021-05-20 01:06:39: Error Loading WebPanel: Error: Webview is disposed
> pyenv root
> pyenv root
Starting Jedi Python language engine.
> pyenv root
> /usr/bin/python3 ~/.vscode-server/extensions/ms-python.python-2021.2.633441544/pythonFiles/pyvsc-run-isolated.py -c "import sys;print(sys.prefix)"
cwd: ~/
> /usr/bin/python3 ~/.vscode-server/extensions/ms-python.python-2021.2.633441544/pythonFiles/pyvsc-run-isolated.py -c "import sys;print(sys.prefix)"
cwd: ~/
> /usr/bin/python3 ~/.vscode-server/extensions/ms-python.python-2021.2.633441544/pythonFiles/pyvsc-run-isolated.py -c "import sys;print(sys.executable)"
cwd: ~/
> /usr/bin/python3 ~/.vscode-server/extensions/ms-python.python-2021.2.633441544/pythonFiles/pyvsc-run-isolated.py -c "import sys;print(sys.executable)"
cwd: ~/
> /usr/bin/python3 ~/.vscode-server/extensions/ms-python.python-2021.2.633441544/pythonFiles/pyvsc-run-isolated.py -c "from distutils.sysconfig import get_python_lib; print(get_python_lib())"
cwd: ~/
> /usr/bin/python3 ~/.vscode-server/extensions/ms-python.python-2021.2.633441544/pythonFiles/pyvsc-run-isolated.py -c "from distutils.sysconfig import get_python_lib; print(get_python_lib())"
cwd: ~/
> /usr/bin/python3 ~/.vscode-server/extensions/ms-python.python-2021.2.633441544/pythonFiles/pyvsc-run-isolated.py site --user-site
cwd: ~/
> /usr/bin/python3 ~/.vscode-server/extensions/ms-python.python-2021.2.633441544/pythonFiles/pyvsc-run-isolated.py site --user-site
cwd: ~/
> /usr/bin/python3 ~/.vscode-server/extensions/ms-python.python-2021.2.633441544/pythonFiles/pyvsc-run-isolated.py ~/.vscode-server/extensions/ms-python.python-2021.2.633441544/pythonFiles/completion.py
> /usr/bin/python3 ~/.vscode-server/extensions/ms-python.python-2021.2.633441544/pythonFiles/pyvsc-run-isolated.py ~/.vscode-server/extensions/ms-python.python-2021.2.633441544/pythonFiles/completion.py
Error 2021-05-20 01:06:45: stderr jediProxy Error (stderr) /home/jdreeder1/.vscode-server/extensions/ms-python.python-2021.2.633441544/pythonFiles/completion.py:592: DeprecationWarning: Providing the line is now done in the functions themselves like `Script(...).complete(line, column)`
  script = jedi.Script(
/home/jdreeder1/.vscode-server/extensions/ms-python.python-2021.2.633441544/pythonFiles/completion.py:592: DeprecationWarning: Providing the column is now done in the functions themselves like `Script(...).complete(line, column)`
  script = jedi.Script(
/home/jdreeder1/.vscode-server/extensions/ms-python.python-2021.2.633441544/pythonFiles/completion.py:592: DeprecationWarning: Use the code keyword argument instead.
  script = jedi.Script(

Error 2021-05-20 01:06:45: stderr jediProxy Error (stderr) /home/jdreeder1/.vscode-server/extensions/ms-python.python-2021.2.633441544/pythonFiles/completion.py:592: DeprecationWarning: Deprecated since version 0.17.0. Use the project API instead, which means Script(project=Project(dir, sys_path=sys_path)) instead.
  script = jedi.Script(

Error 2021-05-20 01:06:46: stderr jediProxy Error (stderr) /home/jdreeder1/.vscode-server/extensions/ms-python.python-2021.2.633441544/pythonFiles/completion.py:626: DeprecationWarning: Deprecated since version 0.16.0. Use Script(...).infer instead.
  script.goto_definitions(), request["id"]

Error 2021-05-20 01:06:46: stderr jediProxy Error (stderr) /home/jdreeder1/.vscode-server/extensions/ms-python.python-2021.2.633441544/pythonFiles/completion.py:584: DeprecationWarning: Deprecated since version 0.16.0. Use Script(...).get_names instead.
  jedi.api.names(

Error 2021-05-20 01:06:48: stderr jediProxy Error (stderr) /home/jdreeder1/.vscode-server/extensions/ms-python.python-2021.2.633441544/pythonFiles/completion.py:105: DeprecationWarning: Deprecated since version 0.16.0. Use Script(...).get_signatures instead.
  call_signatures = script.call_signatures()

Error 2021-05-20 01:06:48: stderr jediProxy Error (stderr) /home/jdreeder1/.vscode-server/extensions/ms-python.python-2021.2.633441544/pythonFiles/completion.py:230: DeprecationWarning: Deprecated since version 0.16.0. Use Script(...).complete instead.
  completions = script.completions()

Error 2021-05-20 01:08:42: stderr jediProxy Error (stderr) /home/jdreeder1/.vscode-server/extensions/ms-python.python-2021.2.633441544/pythonFiles/completion.py:592: DeprecationWarning: Providing the line is now done in the functions themselves like `Script(...).complete(line, column)`
  script = jedi.Script(
/home/jdreeder1/.vscode-server/extensions/ms-python.python-2021.2.633441544/pythonFiles/completion.py:592: DeprecationWarning: Providing the column is now done in the functions themselves like `Script(...).complete(line, column)`
  script = jedi.Script(

Error 2021-05-20 01:08:42: stderr jediProxy Error (stderr) /home/jdreeder1/.vscode-server/extensions/ms-python.python-2021.2.633441544/pythonFiles/completion.py:592: DeprecationWarning: Deprecated since version 0.17.0. Use the project API instead, which means Script(project=Project(dir, sys_path=sys_path)) instead.
  script = jedi.Script(
/home/jdreeder1/.vscode-server/extensions/ms-python.python-2021.2.633441544/pythonFiles/completion.py:626: DeprecationWarning: Deprecated since version 0.16.0. Use Script(...).infer instead.
  script.goto_definitions(), request["id"]

Error 2021-05-20 01:09:17: stderr jediProxy Error (stderr) /home/jdreeder1/.vscode-server/extensions/ms-python.python-2021.2.633441544/pythonFiles/completion.py:584: DeprecationWarning: Deprecated since version 0.16.0. Use Script(...).get_names instead.
  jedi.api.names(

Error 2021-05-20 01:11:32: stderr jediProxy Error (stderr) /home/jdreeder1/.vscode-server/extensions/ms-python.python-2021.2.633441544/pythonFiles/completion.py:584: DeprecationWarning: Deprecated since version 0.16.0. Use Script(...).get_names instead.
  jedi.api.names(

Error 2021-05-20 01:11:36: stderr jediProxy Error (stderr) /home/jdreeder1/.vscode-server/extensions/ms-python.python-2021.2.633441544/pythonFiles/completion.py:592: DeprecationWarning: Providing the line is now done in the functions themselves like `Script(...).complete(line, column)`
  script = jedi.Script(
/home/jdreeder1/.vscode-server/extensions/ms-python.python-2021.2.633441544/pythonFiles/completion.py:592: DeprecationWarning: Providing the column is now done in the functions themselves like `Script(...).complete(line, column)`
  script = jedi.Script(

Error 2021-05-20 01:11:36: stderr jediProxy Error (stderr) /home/jdreeder1/.vscode-server/extensions/ms-python.python-2021.2.633441544/pythonFiles/completion.py:592: DeprecationWarning: Deprecated since version 0.17.0. Use the project API instead, which means Script(project=Project(dir, sys_path=sys_path)) instead.
  script = jedi.Script(
/home/jdreeder1/.vscode-server/extensions/ms-python.python-2021.2.633441544/pythonFiles/completion.py:626: DeprecationWarning: Deprecated since version 0.16.0. Use Script(...).infer instead.
  script.goto_definitions(), request["id"]

Error 2021-05-20 01:11:49: stderr jediProxy Error (stderr) /home/jdreeder1/.vscode-server/extensions/ms-python.python-2021.2.633441544/pythonFiles/completion.py:584: DeprecationWarning: Deprecated since version 0.16.0. Use Script(...).get_names instead.
  jedi.api.names(

Error 2021-05-20 01:11:53: stderr jediProxy Error (stderr) /home/jdreeder1/.vscode-server/extensions/ms-python.python-2021.2.633441544/pythonFiles/completion.py:584: DeprecationWarning: Deprecated since version 0.16.0. Use Script(...).get_names instead.
  jedi.api.names(

Error 2021-05-20 01:11:54: stderr jediProxy Error (stderr) /home/jdreeder1/.vscode-server/extensions/ms-python.python-2021.2.633441544/pythonFiles/completion.py:592: DeprecationWarning: Providing the line is now done in the functions themselves like `Script(...).complete(line, column)`
  script = jedi.Script(
/home/jdreeder1/.vscode-server/extensions/ms-python.python-2021.2.633441544/pythonFiles/completion.py:592: DeprecationWarning: Providing the column is now done in the functions themselves like `Script(...).complete(line, column)`
  script = jedi.Script(
/home/jdreeder1/.vscode-server/extensions/ms-python.python-2021.2.633441544/pythonFiles/completion.py:592: DeprecationWarning: Use the code keyword argument instead.
  script = jedi.Script(

Error 2021-05-20 01:11:54: stderr jediProxy Error (stderr) /home/jdreeder1/.vscode-server/extensions/ms-python.python-2021.2.633441544/pythonFiles/completion.py:592: DeprecationWarning: Deprecated since version 0.17.0. Use the project API instead, which means Script(project=Project(dir, sys_path=sys_path)) instead.
  script = jedi.Script(
/home/jdreeder1/.vscode-server/extensions/ms-python.python-2021.2.633441544/pythonFiles/completion.py:626: DeprecationWarning: Deprecated since version 0.16.0. Use Script(...).infer instead.
  script.goto_definitions(), request["id"]

Error 2021-05-20 01:11:54: stderr jediProxy Error (stderr) /home/jdreeder1/.vscode-server/extensions/ms-python.python-2021.2.633441544/pythonFiles/completion.py:584: DeprecationWarning: Deprecated since version 0.16.0. Use Script(...).get_names instead.
  jedi.api.names(

Error 2021-05-20 01:11:55: stderr jediProxy Error (stderr) /home/jdreeder1/.vscode-server/extensions/ms-python.python-2021.2.633441544/pythonFiles/completion.py:592: DeprecationWarning: Providing the line is now done in the functions themselves like `Script(...).complete(line, column)`
  script = jedi.Script(
/home/jdreeder1/.vscode-server/extensions/ms-python.python-2021.2.633441544/pythonFiles/completion.py:592: DeprecationWarning: Providing the column is now done in the functions themselves like `Script(...).complete(line, column)`
  script = jedi.Script(
/home/jdreeder1/.vscode-server/extensions/ms-python.python-2021.2.633441544/pythonFiles/completion.py:592: DeprecationWarning: Use the code keyword argument instead.
  script = jedi.Script(

Error 2021-05-20 01:11:55: stderr jediProxy Error (stderr) /home/jdreeder1/.vscode-server/extensions/ms-python.python-2021.2.633441544/pythonFiles/completion.py:592: DeprecationWarning: Deprecated since version 0.17.0. Use the project API instead, which means Script(project=Project(dir, sys_path=sys_path)) instead.
  script = jedi.Script(
/home/jdreeder1/.vscode-server/extensions/ms-python.python-2021.2.633441544/pythonFiles/completion.py:626: DeprecationWarning: Deprecated since version 0.16.0. Use Script(...).infer instead.
  script.goto_definitions(), request["id"]

Error 2021-05-20 01:11:59: stderr jediProxy Error (stderr) /home/jdreeder1/.vscode-server/extensions/ms-python.python-2021.2.633441544/pythonFiles/completion.py:584: DeprecationWarning: Deprecated since version 0.16.0. Use Script(...).get_names instead.
  jedi.api.names(

Error 2021-05-20 01:12:09: stderr jediProxy Error (stderr) /home/jdreeder1/.vscode-server/extensions/ms-python.python-2021.2.633441544/pythonFiles/completion.py:584: DeprecationWarning: Deprecated since version 0.16.0. Use Script(...).get_names instead.
  jedi.api.names(

Error 2021-05-20 01:12:10: stderr jediProxy Error (stderr) /home/jdreeder1/.vscode-server/extensions/ms-python.python-2021.2.633441544/pythonFiles/completion.py:592: DeprecationWarning: Providing the line is now done in the functions themselves like `Script(...).complete(line, column)`
  script = jedi.Script(
/home/jdreeder1/.vscode-server/extensions/ms-python.python-2021.2.633441544/pythonFiles/completion.py:592: DeprecationWarning: Providing the column is now done in the functions themselves like `Script(...).complete(line, column)`
  script = jedi.Script(
/home/jdreeder1/.vscode-server/extensions/ms-python.python-2021.2.633441544/pythonFiles/completion.py:592: DeprecationWarning: Use the code keyword argument instead.
  script = jedi.Script(
/home/jdreeder1/.vscode-server/extensions/ms-python.python-2021.2.633441544/pythonFiles/completion.py:592: DeprecationWarning: Deprecated since version 0.17.0. Use the project API instead, which means Script(project=Project(dir, sys_path=sys_path)) instead.
  script = jedi.Script(
/home/jdreeder1/.vscode-server/extensions/ms-python.python-2021.2.633441544/pythonFiles/completion.py:626: DeprecationWarning: Deprecated since version 0.16.0. Use Script(...).infer instead.
  script.goto_definitions(), request["id"]

Error 2021-05-20 01:12:13: stderr jediProxy Error (stderr) /home/jdreeder1/.vscode-server/extensions/ms-python.python-2021.2.633441544/pythonFiles/completion.py:584: DeprecationWarning: Deprecated since version 0.16.0. Use Script(...).get_names instead.
  jedi.api.names(

Error 2021-05-20 01:12:15: stderr jediProxy Error (stderr) /home/jdreeder1/.vscode-server/extensions/ms-python.python-2021.2.633441544/pythonFiles/completion.py:592: DeprecationWarning: Providing the line is now done in the functions themselves like `Script(...).complete(line, column)`
  script = jedi.Script(
/home/jdreeder1/.vscode-server/extensions/ms-python.python-2021.2.633441544/pythonFiles/completion.py:592: DeprecationWarning: Providing the column is now done in the functions themselves like `Script(...).complete(line, column)`
  script = jedi.Script(

Error 2021-05-20 01:12:15: stderr jediProxy Error (stderr) /home/jdreeder1/.vscode-server/extensions/ms-python.python-2021.2.633441544/pythonFiles/completion.py:592: DeprecationWarning: Deprecated since version 0.17.0. Use the project API instead, which means Script(project=Project(dir, sys_path=sys_path)) instead.
  script = jedi.Script(
/home/jdreeder1/.vscode-server/extensions/ms-python.python-2021.2.633441544/pythonFiles/completion.py:626: DeprecationWarning: Deprecated since version 0.16.0. Use Script(...).infer instead.
  script.goto_definitions(), request["id"]

Error 2021-05-20 01:12:17: stderr jediProxy Error (stderr) /home/jdreeder1/.vscode-server/extensions/ms-python.python-2021.2.633441544/pythonFiles/completion.py:584: DeprecationWarning: Deprecated since version 0.16.0. Use Script(...).get_names instead.
  jedi.api.names(

Error 2021-05-20 01:12:19: stderr jediProxy Error (stderr) /home/jdreeder1/.vscode-server/extensions/ms-python.python-2021.2.633441544/pythonFiles/completion.py:592: DeprecationWarning: Providing the line is now done in the functions themselves like `Script(...).complete(line, column)`
  script = jedi.Script(
/home/jdreeder1/.vscode-server/extensions/ms-python.python-2021.2.633441544/pythonFiles/completion.py:592: DeprecationWarning: Providing the column is now done in the functions themselves like `Script(...).complete(line, column)`
  script = jedi.Script(
/home/jdreeder1/.vscode-server/extensions/ms-python.python-2021.2.633441544/pythonFiles/completion.py:592: DeprecationWarning: Use the code keyword argument instead.
  script = jedi.Script(
/home/jdreeder1/.vscode-server/extensions/ms-python.python-2021.2.633441544/pythonFiles/completion.py:592: DeprecationWarning: Deprecated since version 0.17.0. Use the project API instead, which means Script(project=Project(dir, sys_path=sys_path)) instead.
  script = jedi.Script(

Error 2021-05-20 01:12:19: stderr jediProxy Error (stderr) /home/jdreeder1/.vscode-server/extensions/ms-python.python-2021.2.633441544/pythonFiles/completion.py:626: DeprecationWarning: Deprecated since version 0.16.0. Use Script(...).infer instead.
  script.goto_definitions(), request["id"]

Error 2021-05-20 01:12:28: stderr jediProxy Error (stderr) /home/jdreeder1/.vscode-server/extensions/ms-python.python-2021.2.633441544/pythonFiles/completion.py:592: DeprecationWarning: Providing the line is now done in the functions themselves like `Script(...).complete(line, column)`
  script = jedi.Script(
/home/jdreeder1/.vscode-server/extensions/ms-python.python-2021.2.633441544/pythonFiles/completion.py:592: DeprecationWarning: Providing the column is now done in the functions themselves like `Script(...).complete(line, column)`
  script = jedi.Script(

Error 2021-05-20 01:12:28: stderr jediProxy Error (stderr) /home/jdreeder1/.vscode-server/extensions/ms-python.python-2021.2.633441544/pythonFiles/completion.py:592: DeprecationWarning: Deprecated since version 0.17.0. Use the project API instead, which means Script(project=Project(dir, sys_path=sys_path)) instead.
  script = jedi.Script(
/home/jdreeder1/.vscode-server/extensions/ms-python.python-2021.2.633441544/pythonFiles/completion.py:626: DeprecationWarning: Deprecated since version 0.16.0. Use Script(...).infer instead.
  script.goto_definitions(), request["id"]

Error 2021-05-20 01:12:32: stderr jediProxy Error (stderr) /home/jdreeder1/.vscode-server/extensions/ms-python.python-2021.2.633441544/pythonFiles/completion.py:584: DeprecationWarning: Deprecated since version 0.16.0. Use Script(...).get_names instead.
  jedi.api.names(

Error 2021-05-20 01:12:48: stderr jediProxy Error (stderr) /home/jdreeder1/.vscode-server/extensions/ms-python.python-2021.2.633441544/pythonFiles/completion.py:592: DeprecationWarning: Providing the line is now done in the functions themselves like `Script(...).complete(line, column)`
  script = jedi.Script(
/home/jdreeder1/.vscode-server/extensions/ms-python.python-2021.2.633441544/pythonFiles/completion.py:592: DeprecationWarning: Providing the column is now done in the functions themselves like `Script(...).complete(line, column)`
  script = jedi.Script(
/home/jdreeder1/.vscode-server/extensions/ms-python.python-2021.2.633441544/pythonFiles/completion.py:592: DeprecationWarning: Use the code keyword argument instead.
  script = jedi.Script(

Error 2021-05-20 01:12:48: stderr jediProxy Error (stderr) /home/jdreeder1/.vscode-server/extensions/ms-python.python-2021.2.633441544/pythonFiles/completion.py:592: DeprecationWarning: Deprecated since version 0.17.0. Use the project API instead, which means Script(project=Project(dir, sys_path=sys_path)) instead.
  script = jedi.Script(
/home/jdreeder1/.vscode-server/extensions/ms-python.python-2021.2.633441544/pythonFiles/completion.py:626: DeprecationWarning: Deprecated since version 0.16.0. Use Script(...).infer instead.
  script.goto_definitions(), request["id"]

Error 2021-05-20 01:12:55: stderr jediProxy Error (stderr) /home/jdreeder1/.vscode-server/extensions/ms-python.python-2021.2.633441544/pythonFiles/completion.py:584: DeprecationWarning: Deprecated since version 0.16.0. Use Script(...).get_names instead.
  jedi.api.names(

Error 2021-05-20 01:12:56: stderr jediProxy Error (stderr) /home/jdreeder1/.vscode-server/extensions/ms-python.python-2021.2.633441544/pythonFiles/completion.py:584: DeprecationWarning: Deprecated since version 0.16.0. Use Script(...).get_names instead.
  jedi.api.names(

Error 2021-05-20 01:12:58: stderr jediProxy Error (stderr) /home/jdreeder1/.vscode-server/extensions/ms-python.python-2021.2.633441544/pythonFiles/completion.py:584: DeprecationWarning: Deprecated since version 0.16.0. Use Script(...).get_names instead.
  jedi.api.names(

Error 2021-05-20 01:13:00: stderr jediProxy Error (stderr) /home/jdreeder1/.vscode-server/extensions/ms-python.python-2021.2.633441544/pythonFiles/completion.py:592: DeprecationWarning: Providing the line is now done in the functions themselves like `Script(...).complete(line, column)`
  script = jedi.Script(
/home/jdreeder1/.vscode-server/extensions/ms-python.python-2021.2.633441544/pythonFiles/completion.py:592: DeprecationWarning: Providing the column is now done in the functions themselves like `Script(...).complete(line, column)`
  script = jedi.Script(
/home/jdreeder1/.vscode-server/extensions/ms-python.python-2021.2.633441544/pythonFiles/completion.py:592: DeprecationWarning: Use the code keyword argument instead.
  script = jedi.Script(

Error 2021-05-20 01:13:00: stderr jediProxy Error (stderr) /home/jdreeder1/.vscode-server/extensions/ms-python.python-2021.2.633441544/pythonFiles/completion.py:592: DeprecationWarning: Deprecated since version 0.17.0. Use the project API instead, which means Script(project=Project(dir, sys_path=sys_path)) instead.
  script = jedi.Script(

Error 2021-05-20 01:13:00: stderr jediProxy Error (stderr) /home/jdreeder1/.vscode-server/extensions/ms-python.python-2021.2.633441544/pythonFiles/completion.py:105: DeprecationWarning: Deprecated since version 0.16.0. Use Script(...).get_signatures instead.
  call_signatures = script.call_signatures()

Error 2021-05-20 01:13:00: stderr jediProxy Error (stderr) /home/jdreeder1/.vscode-server/extensions/ms-python.python-2021.2.633441544/pythonFiles/completion.py:230: DeprecationWarning: Deprecated since version 0.16.0. Use Script(...).complete instead.
  completions = script.completions()

Error 2021-05-20 01:13:00: stderr jediProxy Error (stderr) /home/jdreeder1/.vscode-server/extensions/ms-python.python-2021.2.633441544/pythonFiles/completion.py:626: DeprecationWarning: Deprecated since version 0.16.0. Use Script(...).infer instead.
  script.goto_definitions(), request["id"]

Error 2021-05-20 01:13:01: stderr jediProxy Error (stderr) /home/jdreeder1/.vscode-server/extensions/ms-python.python-2021.2.633441544/pythonFiles/completion.py:584: DeprecationWarning: Deprecated since version 0.16.0. Use Script(...).get_names instead.
  jedi.api.names(

Error 2021-05-20 01:13:01: stderr jediProxy Error (stderr) /home/jdreeder1/.vscode-server/extensions/ms-python.python-2021.2.633441544/pythonFiles/completion.py:592: DeprecationWarning: Providing the line is now done in the functions themselves like `Script(...).complete(line, column)`
  script = jedi.Script(
/home/jdreeder1/.vscode-server/extensions/ms-python.python-2021.2.633441544/pythonFiles/completion.py:592: DeprecationWarning: Providing the column is now done in the functions themselves like `Script(...).complete(line, column)`
  script = jedi.Script(
/home/jdreeder1/.vscode-server/extensions/ms-python.python-2021.2.633441544/pythonFiles/completion.py:592: DeprecationWarning: Use the code keyword argument instead.
  script = jedi.Script(
/home/jdreeder1/.vscode-server/extensions/ms-python.python-2021.2.633441544/pythonFiles/completion.py:592: DeprecationWarning: Deprecated since version 0.17.0. Use the project API instead, which means Script(project=Project(dir, sys_path=sys_path)) instead.
  script = jedi.Script(

Error 2021-05-20 01:13:01: stderr jediProxy Error (stderr) /home/jdreeder1/.vscode-server/extensions/ms-python.python-2021.2.633441544/pythonFiles/completion.py:105: DeprecationWarning: Deprecated since version 0.16.0. Use Script(...).get_signatures instead.
  call_signatures = script.call_signatures()

Error 2021-05-20 01:13:01: stderr jediProxy Error (stderr) /home/jdreeder1/.vscode-server/extensions/ms-python.python-2021.2.633441544/pythonFiles/completion.py:230: DeprecationWarning: Deprecated since version 0.16.0. Use Script(...).complete instead.
  completions = script.completions()

Error 2021-05-20 01:13:01: stderr jediProxy Error (stderr) /home/jdreeder1/.vscode-server/extensions/ms-python.python-2021.2.633441544/pythonFiles/completion.py:626: DeprecationWarning: Deprecated since version 0.16.0. Use Script(...).infer instead.
  script.goto_definitions(), request["id"]

Error 2021-05-20 01:13:03: stderr jediProxy Error (stderr) /home/jdreeder1/.vscode-server/extensions/ms-python.python-2021.2.633441544/pythonFiles/completion.py:584: DeprecationWarning: Deprecated since version 0.16.0. Use Script(...).get_names instead.
  jedi.api.names(

Error 2021-05-20 01:13:19: stderr jediProxy Error (stderr) /home/jdreeder1/.vscode-server/extensions/ms-python.python-2021.2.633441544/pythonFiles/completion.py:592: DeprecationWarning: Providing the line is now done in the functions themselves like `Script(...).complete(line, column)`
  script = jedi.Script(
/home/jdreeder1/.vscode-server/extensions/ms-python.python-2021.2.633441544/pythonFiles/completion.py:592: DeprecationWarning: Providing the column is now done in the functions themselves like `Script(...).complete(line, column)`
  script = jedi.Script(

Error 2021-05-20 01:13:19: stderr jediProxy Error (stderr) /home/jdreeder1/.vscode-server/extensions/ms-python.python-2021.2.633441544/pythonFiles/completion.py:592: DeprecationWarning: Deprecated since version 0.17.0. Use the project API instead, which means Script(project=Project(dir, sys_path=sys_path)) instead.
  script = jedi.Script(
/home/jdreeder1/.vscode-server/extensions/ms-python.python-2021.2.633441544/pythonFiles/completion.py:626: DeprecationWarning: Deprecated since version 0.16.0. Use Script(...).infer instead.
  script.goto_definitions(), request["id"]

Error 2021-05-20 01:13:29: stderr jediProxy Error (stderr) /home/jdreeder1/.vscode-server/extensions/ms-python.python-2021.2.633441544/pythonFiles/completion.py:584: DeprecationWarning: Deprecated since version 0.16.0. Use Script(...).get_names instead.
  jedi.api.names(

Error 2021-05-20 01:14:44: stderr jediProxy Error (stderr) /home/jdreeder1/.vscode-server/extensions/ms-python.python-2021.2.633441544/pythonFiles/completion.py:592: DeprecationWarning: Providing the line is now done in the functions themselves like `Script(...).complete(line, column)`
  script = jedi.Script(
/home/jdreeder1/.vscode-server/extensions/ms-python.python-2021.2.633441544/pythonFiles/completion.py:592: DeprecationWarning: Providing the column is now done in the functions themselves like `Script(...).complete(line, column)`
  script = jedi.Script(

Error 2021-05-20 01:14:44: stderr jediProxy Error (stderr) /home/jdreeder1/.vscode-server/extensions/ms-python.python-2021.2.633441544/pythonFiles/completion.py:592: DeprecationWarning: Deprecated since version 0.17.0. Use the project API instead, which means Script(project=Project(dir, sys_path=sys_path)) instead.
  script = jedi.Script(
/home/jdreeder1/.vscode-server/extensions/ms-python.python-2021.2.633441544/pythonFiles/completion.py:626: DeprecationWarning: Deprecated since version 0.16.0. Use Script(...).infer instead.
  script.goto_definitions(), request["id"]

Error 2021-05-20 01:14:58: stderr jediProxy Error (stderr) /home/jdreeder1/.vscode-server/extensions/ms-python.python-2021.2.633441544/pythonFiles/completion.py:584: DeprecationWarning: Deprecated since version 0.16.0. Use Script(...).get_names instead.
  jedi.api.names(

Error 2021-05-20 01:15:11: stderr jediProxy Error (stderr) /home/jdreeder1/.vscode-server/extensions/ms-python.python-2021.2.633441544/pythonFiles/completion.py:584: DeprecationWarning: Deprecated since version 0.16.0. Use Script(...).get_names instead.
  jedi.api.names(

Error 2021-05-20 01:15:12: stderr jediProxy Error (stderr) /home/jdreeder1/.vscode-server/extensions/ms-python.python-2021.2.633441544/pythonFiles/completion.py:592: DeprecationWarning: Providing the line is now done in the functions themselves like `Script(...).complete(line, column)`
  script = jedi.Script(
/home/jdreeder1/.vscode-server/extensions/ms-python.python-2021.2.633441544/pythonFiles/completion.py:592: DeprecationWarning: Providing the column is now done in the functions themselves like `Script(...).complete(line, column)`
  script = jedi.Script(

Error 2021-05-20 01:15:12: stderr jediProxy Error (stderr) /home/jdreeder1/.vscode-server/extensions/ms-python.python-2021.2.633441544/pythonFiles/completion.py:592: DeprecationWarning: Deprecated since version 0.17.0. Use the project API instead, which means Script(project=Project(dir, sys_path=sys_path)) instead.
  script = jedi.Script(
/home/jdreeder1/.vscode-server/extensions/ms-python.python-2021.2.633441544/pythonFiles/completion.py:626: DeprecationWarning: Deprecated since version 0.16.0. Use Script(...).infer instead.
  script.goto_definitions(), request["id"]

Error 2021-05-20 01:18:57: stderr jediProxy Error (stderr) /home/jdreeder1/.vscode-server/extensions/ms-python.python-2021.2.633441544/pythonFiles/completion.py:592: DeprecationWarning: Providing the line is now done in the functions themselves like `Script(...).complete(line, column)`
  script = jedi.Script(
/home/jdreeder1/.vscode-server/extensions/ms-python.python-2021.2.633441544/pythonFiles/completion.py:592: DeprecationWarning: Providing the column is now done in the functions themselves like `Script(...).complete(line, column)`
  script = jedi.Script(

Error 2021-05-20 01:18:57: stderr jediProxy Error (stderr) /home/jdreeder1/.vscode-server/extensions/ms-python.python-2021.2.633441544/pythonFiles/completion.py:592: DeprecationWarning: Deprecated since version 0.17.0. Use the project API instead, which means Script(project=Project(dir, sys_path=sys_path)) instead.
  script = jedi.Script(
/home/jdreeder1/.vscode-server/extensions/ms-python.python-2021.2.633441544/pythonFiles/completion.py:626: DeprecationWarning: Deprecated since version 0.16.0. Use Script(...).infer instead.
  script.goto_definitions(), request["id"]

Error 2021-05-20 01:19:02: stderr jediProxy Error (stderr) /home/jdreeder1/.vscode-server/extensions/ms-python.python-2021.2.633441544/pythonFiles/completion.py:584: DeprecationWarning: Deprecated since version 0.16.0. Use Script(...).get_names instead.
  jedi.api.names(

Error 2021-05-20 01:21:51: stderr jediProxy Error (stderr) /home/jdreeder1/.vscode-server/extensions/ms-python.python-2021.2.633441544/pythonFiles/completion.py:592: DeprecationWarning: Providing the line is now done in the functions themselves like `Script(...).complete(line, column)`
  script = jedi.Script(
/home/jdreeder1/.vscode-server/extensions/ms-python.python-2021.2.633441544/pythonFiles/completion.py:592: DeprecationWarning: Providing the column is now done in the functions themselves like `Script(...).complete(line, column)`
  script = jedi.Script(
/home/jdreeder1/.vscode-server/extensions/ms-python.python-2021.2.633441544/pythonFiles/completion.py:592: DeprecationWarning: Use the code keyword argument instead.
  script = jedi.Script(
/home/jdreeder1/.vscode-server/extensions/ms-python.python-2021.2.633441544/pythonFiles/completion.py:592: DeprecationWarning: Deprecated since version 0.17.0. Use the project API instead, which means Script(project=Project(dir, sys_path=sys_path)) instead.
  script = jedi.Script(

Error 2021-05-20 01:21:51: stderr jediProxy Error (stderr) /home/jdreeder1/.vscode-server/extensions/ms-python.python-2021.2.633441544/pythonFiles/completion.py:144: DeprecationWarning: Deprecated since version 0.16.0. Use Script(...).get_signatures instead.
  call_signatures = script.call_signatures()

Error 2021-05-20 01:21:52: stderr jediProxy Error (stderr) /home/jdreeder1/.vscode-server/extensions/ms-python.python-2021.2.633441544/pythonFiles/completion.py:584: DeprecationWarning: Deprecated since version 0.16.0. Use Script(...).get_names instead.
  jedi.api.names(

Error 2021-05-20 01:22:08: stderr jediProxy Error (stderr) /home/jdreeder1/.vscode-server/extensions/ms-python.python-2021.2.633441544/pythonFiles/completion.py:105: DeprecationWarning: Deprecated since version 0.16.0. Use Script(...).get_signatures instead.
  call_signatures = script.call_signatures()

Error 2021-05-20 01:22:08: stderr jediProxy Error (stderr) /home/jdreeder1/.vscode-server/extensions/ms-python.python-2021.2.633441544/pythonFiles/completion.py:230: DeprecationWarning: Deprecated since version 0.16.0. Use Script(...).complete instead.
  completions = script.completions()

Error 2021-05-20 01:22:08: stderr jediProxy Error (stderr) /home/jdreeder1/.vscode-server/extensions/ms-python.python-2021.2.633441544/pythonFiles/completion.py:626: DeprecationWarning: Deprecated since version 0.16.0. Use Script(...).infer instead.
  script.goto_definitions(), request["id"]

Error 2021-05-20 01:22:17: stderr jediProxy Error (stderr) /home/jdreeder1/.vscode-server/extensions/ms-python.python-2021.2.633441544/pythonFiles/completion.py:592: DeprecationWarning: Providing the line is now done in the functions themselves like `Script(...).complete(line, column)`
  script = jedi.Script(
/home/jdreeder1/.vscode-server/extensions/ms-python.python-2021.2.633441544/pythonFiles/completion.py:592: DeprecationWarning: Providing the column is now done in the functions themselves like `Script(...).complete(line, column)`
  script = jedi.Script(
/home/jdreeder1/.vscode-server/extensions/ms-python.python-2021.2.633441544/pythonFiles/completion.py:592: DeprecationWarning: Use the code keyword argument instead.
  script = jedi.Script(
/home/jdreeder1/.vscode-server/extensions/ms-python.python-2021.2.633441544/pythonFiles/completion.py:592: DeprecationWarning: Deprecated since version 0.17.0. Use the project API instead, which means Script(project=Project(dir, sys_path=sys_path)) instead.
  script = jedi.Script(

Error 2021-05-20 01:22:17: stderr jediProxy Error (stderr) /home/jdreeder1/.vscode-server/extensions/ms-python.python-2021.2.633441544/pythonFiles/completion.py:105: DeprecationWarning: Deprecated since version 0.16.0. Use Script(...).get_signatures instead.
  call_signatures = script.call_signatures()
/home/jdreeder1/.vscode-server/extensions/ms-python.python-2021.2.633441544/pythonFiles/completion.py:230: DeprecationWarning: Deprecated since version 0.16.0. Use Script(...).complete instead.
  completions = script.completions()

Error 2021-05-20 01:22:17: stderr jediProxy Error (stderr) /home/jdreeder1/.vscode-server/extensions/ms-python.python-2021.2.633441544/pythonFiles/completion.py:626: DeprecationWarning: Deprecated since version 0.16.0. Use Script(...).infer instead.
  script.goto_definitions(), request["id"]

Error 2021-05-20 01:22:19: stderr jediProxy Error (stderr) /home/jdreeder1/.vscode-server/extensions/ms-python.python-2021.2.633441544/pythonFiles/completion.py:144: DeprecationWarning: Deprecated since version 0.16.0. Use Script(...).get_signatures instead.
  call_signatures = script.call_signatures()

Error 2021-05-20 01:22:20: stderr jediProxy Error (stderr) /home/jdreeder1/.vscode-server/extensions/ms-python.python-2021.2.633441544/pythonFiles/completion.py:584: DeprecationWarning: Deprecated since version 0.16.0. Use Script(...).get_names instead.
  jedi.api.names(

Error 2021-05-20 01:22:25: stderr jediProxy Error (stderr) /home/jdreeder1/.vscode-server/extensions/ms-python.python-2021.2.633441544/pythonFiles/completion.py:584: DeprecationWarning: Deprecated since version 0.16.0. Use Script(...).get_names instead.
  jedi.api.names(

Error 2021-05-20 01:22:28: stderr jediProxy Error (stderr) /home/jdreeder1/.vscode-server/extensions/ms-python.python-2021.2.633441544/pythonFiles/completion.py:584: DeprecationWarning: Deprecated since version 0.16.0. Use Script(...).get_names instead.
  jedi.api.names(

Error 2021-05-20 01:23:45: stderr jediProxy Error (stderr) /home/jdreeder1/.vscode-server/extensions/ms-python.python-2021.2.633441544/pythonFiles/completion.py:592: DeprecationWarning: Providing the line is now done in the functions themselves like `Script(...).complete(line, column)`
  script = jedi.Script(
/home/jdreeder1/.vscode-server/extensions/ms-python.python-2021.2.633441544/pythonFiles/completion.py:592: DeprecationWarning: Providing the column is now done in the functions themselves like `Script(...).complete(line, column)`
  script = jedi.Script(

Error 2021-05-20 01:23:45: stderr jediProxy Error (stderr) /home/jdreeder1/.vscode-server/extensions/ms-python.python-2021.2.633441544/pythonFiles/completion.py:592: DeprecationWarning: Deprecated since version 0.17.0. Use the project API instead, which means Script(project=Project(dir, sys_path=sys_path)) instead.
  script = jedi.Script(
/home/jdreeder1/.vscode-server/extensions/ms-python.python-2021.2.633441544/pythonFiles/completion.py:626: DeprecationWarning: Deprecated since version 0.16.0. Use Script(...).infer instead.
  script.goto_definitions(), request["id"]

Error 2021-05-20 01:27:47: stderr jediProxy Error (stderr) /home/jdreeder1/.vscode-server/extensions/ms-python.python-2021.2.633441544/pythonFiles/completion.py:592: DeprecationWarning: Providing the line is now done in the functions themselves like `Script(...).complete(line, column)`
  script = jedi.Script(
/home/jdreeder1/.vscode-server/extensions/ms-python.python-2021.2.633441544/pythonFiles/completion.py:592: DeprecationWarning: Providing the column is now done in the functions themselves like `Script(...).complete(line, column)`
  script = jedi.Script(

Error 2021-05-20 01:27:47: stderr jediProxy Error (stderr) /home/jdreeder1/.vscode-server/extensions/ms-python.python-2021.2.633441544/pythonFiles/completion.py:592: DeprecationWarning: Deprecated since version 0.17.0. Use the project API instead, which means Script(project=Project(dir, sys_path=sys_path)) instead.
  script = jedi.Script(

Error 2021-05-20 01:27:47: stderr jediProxy Error (stderr) /home/jdreeder1/.vscode-server/extensions/ms-python.python-2021.2.633441544/pythonFiles/completion.py:626: DeprecationWarning: Deprecated since version 0.16.0. Use Script(...).infer instead.
  script.goto_definitions(), request["id"]

Error 2021-05-20 01:35:23: stderr jediProxy Error (stderr) /home/jdreeder1/.vscode-server/extensions/ms-python.python-2021.2.633441544/pythonFiles/completion.py:584: DeprecationWarning: Deprecated since version 0.16.0. Use Script(...).get_names instead.
  jedi.api.names(

Error 2021-05-23 17:44:31: stderr jediProxy Error (stderr) /home/jdreeder1/.vscode-server/extensions/ms-python.python-2021.2.633441544/pythonFiles/completion.py:584: DeprecationWarning: Deprecated since version 0.16.0. Use Script(...).get_names instead.
  jedi.api.names(

Error 2021-05-24 01:03:57: stderr jediProxy Error (stderr) /home/jdreeder1/.vscode-server/extensions/ms-python.python-2021.2.633441544/pythonFiles/completion.py:592: DeprecationWarning: Providing the line is now done in the functions themselves like `Script(...).complete(line, column)`
  script = jedi.Script(

Error 2021-05-24 01:03:57: stderr jediProxy Error (stderr) /home/jdreeder1/.vscode-server/extensions/ms-python.python-2021.2.633441544/pythonFiles/completion.py:592: DeprecationWarning: Providing the column is now done in the functions themselves like `Script(...).complete(line, column)`
  script = jedi.Script(
/home/jdreeder1/.vscode-server/extensions/ms-python.python-2021.2.633441544/pythonFiles/completion.py:592: DeprecationWarning: Deprecated since version 0.17.0. Use the project API instead, which means Script(project=Project(dir, sys_path=sys_path)) instead.
  script = jedi.Script(

Error 2021-05-24 01:04:02: stderr jediProxy Error (stderr) /home/jdreeder1/.vscode-server/extensions/ms-python.python-2021.2.633441544/pythonFiles/completion.py:626: DeprecationWarning: Deprecated since version 0.16.0. Use Script(...).infer instead.
  script.goto_definitions(), request["id"]

Error 2021-05-25 00:33:41: stderr jediProxy Error (stderr) /home/jdreeder1/.vscode-server/extensions/ms-python.python-2021.2.633441544/pythonFiles/completion.py:592: DeprecationWarning: Providing the line is now done in the functions themselves like `Script(...).complete(line, column)`
  script = jedi.Script(
/home/jdreeder1/.vscode-server/extensions/ms-python.python-2021.2.633441544/pythonFiles/completion.py:592: DeprecationWarning: Providing the column is now done in the functions themselves like `Script(...).complete(line, column)`
  script = jedi.Script(

Error 2021-05-25 00:33:41: stderr jediProxy Error (stderr) /home/jdreeder1/.vscode-server/extensions/ms-python.python-2021.2.633441544/pythonFiles/completion.py:592: DeprecationWarning: Deprecated since version 0.17.0. Use the project API instead, which means Script(project=Project(dir, sys_path=sys_path)) instead.
  script = jedi.Script(
/home/jdreeder1/.vscode-server/extensions/ms-python.python-2021.2.633441544/pythonFiles/completion.py:626: DeprecationWarning: Deprecated since version 0.16.0. Use Script(...).infer instead.
  script.goto_definitions(), request["id"]

Error 2021-05-25 00:33:43: stderr jediProxy Error (stderr) /home/jdreeder1/.vscode-server/extensions/ms-python.python-2021.2.633441544/pythonFiles/completion.py:584: DeprecationWarning: Deprecated since version 0.16.0. Use Script(...).get_names instead.
  jedi.api.names(

Error 2021-05-25 00:38:49: stderr jediProxy Error (stderr) /home/jdreeder1/.vscode-server/extensions/ms-python.python-2021.2.633441544/pythonFiles/completion.py:584: DeprecationWarning: Deprecated since version 0.16.0. Use Script(...).get_names instead.
  jedi.api.names(

Error 2021-05-25 00:39:26: stderr jediProxy Error (stderr) /home/jdreeder1/.vscode-server/extensions/ms-python.python-2021.2.633441544/pythonFiles/completion.py:584: DeprecationWarning: Deprecated since version 0.16.0. Use Script(...).get_names instead.
  jedi.api.names(

Error 2021-05-25 00:39:27: stderr jediProxy Error (stderr) /home/jdreeder1/.vscode-server/extensions/ms-python.python-2021.2.633441544/pythonFiles/completion.py:592: DeprecationWarning: Providing the line is now done in the functions themselves like `Script(...).complete(line, column)`
  script = jedi.Script(
/home/jdreeder1/.vscode-server/extensions/ms-python.python-2021.2.633441544/pythonFiles/completion.py:592: DeprecationWarning: Providing the column is now done in the functions themselves like `Script(...).complete(line, column)`
  script = jedi.Script(
/home/jdreeder1/.vscode-server/extensions/ms-python.python-2021.2.633441544/pythonFiles/completion.py:592: DeprecationWarning: Use the code keyword argument instead.
  script = jedi.Script(
/home/jdreeder1/.vscode-server/extensions/ms-python.python-2021.2.633441544/pythonFiles/completion.py:592: DeprecationWarning: Deprecated since version 0.17.0. Use the project API instead, which means Script(project=Project(dir, sys_path=sys_path)) instead.
  script = jedi.Script(

Error 2021-05-25 00:39:27: stderr jediProxy Error (stderr) /home/jdreeder1/.vscode-server/extensions/ms-python.python-2021.2.633441544/pythonFiles/completion.py:626: DeprecationWarning: Deprecated since version 0.16.0. Use Script(...).infer instead.
  script.goto_definitions(), request["id"]

Error 2021-05-25 00:39:28: stderr jediProxy Error (stderr) /home/jdreeder1/.vscode-server/extensions/ms-python.python-2021.2.633441544/pythonFiles/completion.py:105: DeprecationWarning: Deprecated since version 0.16.0. Use Script(...).get_signatures instead.
  call_signatures = script.call_signatures()

Error 2021-05-25 00:39:28: stderr jediProxy Error (stderr) /home/jdreeder1/.vscode-server/extensions/ms-python.python-2021.2.633441544/pythonFiles/completion.py:230: DeprecationWarning: Deprecated since version 0.16.0. Use Script(...).complete instead.
  completions = script.completions()

Error 2021-05-25 00:39:31: stderr jediProxy Error (stderr) /home/jdreeder1/.vscode-server/extensions/ms-python.python-2021.2.633441544/pythonFiles/completion.py:584: DeprecationWarning: Deprecated since version 0.16.0. Use Script(...).get_names instead.
  jedi.api.names(

Error 2021-05-25 00:39:37: stderr jediProxy Error (stderr) /home/jdreeder1/.vscode-server/extensions/ms-python.python-2021.2.633441544/pythonFiles/completion.py:584: DeprecationWarning: Deprecated since version 0.16.0. Use Script(...).get_names instead.
  jedi.api.names(

Error 2021-05-25 00:39:45: stderr jediProxy Error (stderr) /home/jdreeder1/.vscode-server/extensions/ms-python.python-2021.2.633441544/pythonFiles/completion.py:584: DeprecationWarning: Deprecated since version 0.16.0. Use Script(...).get_names instead.
  jedi.api.names(

Error 2021-05-25 00:39:55: stderr jediProxy Error (stderr) /home/jdreeder1/.vscode-server/extensions/ms-python.python-2021.2.633441544/pythonFiles/completion.py:584: DeprecationWarning: Deprecated since version 0.16.0. Use Script(...).get_names instead.
  jedi.api.names(

Error 2021-05-25 00:45:48: stderr jediProxy Error (stderr) /home/jdreeder1/.vscode-server/extensions/ms-python.python-2021.2.633441544/pythonFiles/completion.py:592: DeprecationWarning: Providing the line is now done in the functions themselves like `Script(...).complete(line, column)`
  script = jedi.Script(
/home/jdreeder1/.vscode-server/extensions/ms-python.python-2021.2.633441544/pythonFiles/completion.py:592: DeprecationWarning: Providing the column is now done in the functions themselves like `Script(...).complete(line, column)`
  script = jedi.Script(
/home/jdreeder1/.vscode-server/extensions/ms-python.python-2021.2.633441544/pythonFiles/completion.py:592: DeprecationWarning: Use the code keyword argument instead.
  script = jedi.Script(
/home/jdreeder1/.vscode-server/extensions/ms-python.python-2021.2.633441544/pythonFiles/completion.py:592: DeprecationWarning: Deprecated since version 0.17.0. Use the project API instead, which means Script(project=Project(dir, sys_path=sys_path)) instead.
  script = jedi.Script(

Error 2021-05-25 00:45:48: stderr jediProxy Error (stderr) /home/jdreeder1/.vscode-server/extensions/ms-python.python-2021.2.633441544/pythonFiles/completion.py:626: DeprecationWarning: Deprecated since version 0.16.0. Use Script(...).infer instead.
  script.goto_definitions(), request["id"]

Error 2021-05-25 00:45:48: stderr jediProxy Error (stderr) /home/jdreeder1/.vscode-server/extensions/ms-python.python-2021.2.633441544/pythonFiles/completion.py:592: DeprecationWarning: Providing the line is now done in the functions themselves like `Script(...).complete(line, column)`
  script = jedi.Script(
/home/jdreeder1/.vscode-server/extensions/ms-python.python-2021.2.633441544/pythonFiles/completion.py:592: DeprecationWarning: Providing the column is now done in the functions themselves like `Script(...).complete(line, column)`
  script = jedi.Script(

Error 2021-05-25 00:45:48: stderr jediProxy Error (stderr) /home/jdreeder1/.vscode-server/extensions/ms-python.python-2021.2.633441544/pythonFiles/completion.py:592: DeprecationWarning: Use the code keyword argument instead.
  script = jedi.Script(
/home/jdreeder1/.vscode-server/extensions/ms-python.python-2021.2.633441544/pythonFiles/completion.py:592: DeprecationWarning: Deprecated since version 0.17.0. Use the project API instead, which means Script(project=Project(dir, sys_path=sys_path)) instead.
  script = jedi.Script(
/home/jdreeder1/.vscode-server/extensions/ms-python.python-2021.2.633441544/pythonFiles/completion.py:626: DeprecationWarning: Deprecated since version 0.16.0. Use Script(...).infer instead.
  script.goto_definitions(), request["id"]

Error 2021-05-25 00:45:51: stderr jediProxy Error (stderr) /home/jdreeder1/.vscode-server/extensions/ms-python.python-2021.2.633441544/pythonFiles/completion.py:592: DeprecationWarning: Providing the line is now done in the functions themselves like `Script(...).complete(line, column)`
  script = jedi.Script(
/home/jdreeder1/.vscode-server/extensions/ms-python.python-2021.2.633441544/pythonFiles/completion.py:592: DeprecationWarning: Providing the column is now done in the functions themselves like `Script(...).complete(line, column)`
  script = jedi.Script(
/home/jdreeder1/.vscode-server/extensions/ms-python.python-2021.2.633441544/pythonFiles/completion.py:592: DeprecationWarning: Use the code keyword argument instead.
  script = jedi.Script(
/home/jdreeder1/.vscode-server/extensions/ms-python.python-2021.2.633441544/pythonFiles/completion.py:592: DeprecationWarning: Deprecated since version 0.17.0. Use the project API instead, which means Script(project=Project(dir, sys_path=sys_path)) instead.
  script = jedi.Script(

Error 2021-05-25 00:45:51: stderr jediProxy Error (stderr) /home/jdreeder1/.vscode-server/extensions/ms-python.python-2021.2.633441544/pythonFiles/completion.py:105: DeprecationWarning: Deprecated since version 0.16.0. Use Script(...).get_signatures instead.
  call_signatures = script.call_signatures()

Error 2021-05-25 00:45:51: stderr jediProxy Error (stderr) /home/jdreeder1/.vscode-server/extensions/ms-python.python-2021.2.633441544/pythonFiles/completion.py:230: DeprecationWarning: Deprecated since version 0.16.0. Use Script(...).complete instead.
  completions = script.completions()

Error 2021-05-25 00:45:51: stderr jediProxy Error (stderr) /home/jdreeder1/.vscode-server/extensions/ms-python.python-2021.2.633441544/pythonFiles/completion.py:626: DeprecationWarning: Deprecated since version 0.16.0. Use Script(...).infer instead.
  script.goto_definitions(), request["id"]

Error 2021-05-25 00:45:54: stderr jediProxy Error (stderr) /home/jdreeder1/.vscode-server/extensions/ms-python.python-2021.2.633441544/pythonFiles/completion.py:584: DeprecationWarning: Deprecated since version 0.16.0. Use Script(...).get_names instead.
  jedi.api.names(

Error 2021-05-25 00:46:37: stderr jediProxy Error (stderr) /home/jdreeder1/.vscode-server/extensions/ms-python.python-2021.2.633441544/pythonFiles/completion.py:584: DeprecationWarning: Deprecated since version 0.16.0. Use Script(...).get_names instead.
  jedi.api.names(

Error 2021-05-25 00:47:11: stderr jediProxy Error (stderr) /home/jdreeder1/.vscode-server/extensions/ms-python.python-2021.2.633441544/pythonFiles/completion.py:592: DeprecationWarning: Providing the line is now done in the functions themselves like `Script(...).complete(line, column)`
  script = jedi.Script(
/home/jdreeder1/.vscode-server/extensions/ms-python.python-2021.2.633441544/pythonFiles/completion.py:592: DeprecationWarning: Providing the column is now done in the functions themselves like `Script(...).complete(line, column)`
  script = jedi.Script(

Error 2021-05-25 00:47:11: stderr jediProxy Error (stderr) /home/jdreeder1/.vscode-server/extensions/ms-python.python-2021.2.633441544/pythonFiles/completion.py:592: DeprecationWarning: Deprecated since version 0.17.0. Use the project API instead, which means Script(project=Project(dir, sys_path=sys_path)) instead.
  script = jedi.Script(
/home/jdreeder1/.vscode-server/extensions/ms-python.python-2021.2.633441544/pythonFiles/completion.py:626: DeprecationWarning: Deprecated since version 0.16.0. Use Script(...).infer instead.
  script.goto_definitions(), request["id"]

Error 2021-05-25 00:47:15: stderr jediProxy Error (stderr) /home/jdreeder1/.vscode-server/extensions/ms-python.python-2021.2.633441544/pythonFiles/completion.py:584: DeprecationWarning: Deprecated since version 0.16.0. Use Script(...).get_names instead.
  jedi.api.names(

Error 2021-05-25 01:33:12: stderr jediProxy Error (stderr) /home/jdreeder1/.vscode-server/extensions/ms-python.python-2021.2.633441544/pythonFiles/completion.py:592: DeprecationWarning: Providing the line is now done in the functions themselves like `Script(...).complete(line, column)`
  script = jedi.Script(
/home/jdreeder1/.vscode-server/extensions/ms-python.python-2021.2.633441544/pythonFiles/completion.py:592: DeprecationWarning: Providing the column is now done in the functions themselves like `Script(...).complete(line, column)`
  script = jedi.Script(
/home/jdreeder1/.vscode-server/extensions/ms-python.python-2021.2.633441544/pythonFiles/completion.py:592: DeprecationWarning: Use the code keyword argument instead.
  script = jedi.Script(
/home/jdreeder1/.vscode-server/extensions/ms-python.python-2021.2.633441544/pythonFiles/completion.py:592: DeprecationWarning: Deprecated since version 0.17.0. Use the project API instead, which means Script(project=Project(dir, sys_path=sys_path)) instead.
  script = jedi.Script(

Error 2021-05-25 01:33:12: stderr jediProxy Error (stderr) /home/jdreeder1/.vscode-server/extensions/ms-python.python-2021.2.633441544/pythonFiles/completion.py:626: DeprecationWarning: Deprecated since version 0.16.0. Use Script(...).infer instead.
  script.goto_definitions(), request["id"]

Error 2021-05-25 01:33:33: stderr jediProxy Error (stderr) /home/jdreeder1/.vscode-server/extensions/ms-python.python-2021.2.633441544/pythonFiles/completion.py:584: DeprecationWarning: Deprecated since version 0.16.0. Use Script(...).get_names instead.
  jedi.api.names(

Error 2021-05-25 01:33:37: stderr jediProxy Error (stderr) /home/jdreeder1/.vscode-server/extensions/ms-python.python-2021.2.633441544/pythonFiles/completion.py:584: DeprecationWarning: Deprecated since version 0.16.0. Use Script(...).get_names instead.
  jedi.api.names(

Error 2021-05-25 01:34:00: stderr jediProxy Error (stderr) /home/jdreeder1/.vscode-server/extensions/ms-python.python-2021.2.633441544/pythonFiles/completion.py:592: DeprecationWarning: Providing the line is now done in the functions themselves like `Script(...).complete(line, column)`
  script = jedi.Script(
/home/jdreeder1/.vscode-server/extensions/ms-python.python-2021.2.633441544/pythonFiles/completion.py:592: DeprecationWarning: Providing the column is now done in the functions themselves like `Script(...).complete(line, column)`
  script = jedi.Script(

Error 2021-05-25 01:34:00: stderr jediProxy Error (stderr) /home/jdreeder1/.vscode-server/extensions/ms-python.python-2021.2.633441544/pythonFiles/completion.py:592: DeprecationWarning: Deprecated since version 0.17.0. Use the project API instead, which means Script(project=Project(dir, sys_path=sys_path)) instead.
  script = jedi.Script(
/home/jdreeder1/.vscode-server/extensions/ms-python.python-2021.2.633441544/pythonFiles/completion.py:626: DeprecationWarning: Deprecated since version 0.16.0. Use Script(...).infer instead.
  script.goto_definitions(), request["id"]

Error 2021-05-25 01:34:02: stderr jediProxy Error (stderr) /home/jdreeder1/.vscode-server/extensions/ms-python.python-2021.2.633441544/pythonFiles/completion.py:592: DeprecationWarning: Use the code keyword argument instead.
  script = jedi.Script(

Error 2021-05-25 01:34:02: stderr jediProxy Error (stderr) /home/jdreeder1/.vscode-server/extensions/ms-python.python-2021.2.633441544/pythonFiles/completion.py:105: DeprecationWarning: Deprecated since version 0.16.0. Use Script(...).get_signatures instead.
  call_signatures = script.call_signatures()

Error 2021-05-25 01:34:02: stderr jediProxy Error (stderr) /home/jdreeder1/.vscode-server/extensions/ms-python.python-2021.2.633441544/pythonFiles/completion.py:230: DeprecationWarning: Deprecated since version 0.16.0. Use Script(...).complete instead.
  completions = script.completions()

Error 2021-05-25 01:34:05: stderr jediProxy Error (stderr) /home/jdreeder1/.vscode-server/extensions/ms-python.python-2021.2.633441544/pythonFiles/completion.py:584: DeprecationWarning: Deprecated since version 0.16.0. Use Script(...).get_names instead.
  jedi.api.names(

Error 2021-05-25 01:38:46: stderr jediProxy Error (stderr) /home/jdreeder1/.vscode-server/extensions/ms-python.python-2021.2.633441544/pythonFiles/completion.py:592: DeprecationWarning: Providing the line is now done in the functions themselves like `Script(...).complete(line, column)`
  script = jedi.Script(
/home/jdreeder1/.vscode-server/extensions/ms-python.python-2021.2.633441544/pythonFiles/completion.py:592: DeprecationWarning: Providing the column is now done in the functions themselves like `Script(...).complete(line, column)`
  script = jedi.Script(

Error 2021-05-25 01:38:46: stderr jediProxy Error (stderr) /home/jdreeder1/.vscode-server/extensions/ms-python.python-2021.2.633441544/pythonFiles/completion.py:592: DeprecationWarning: Deprecated since version 0.17.0. Use the project API instead, which means Script(project=Project(dir, sys_path=sys_path)) instead.
  script = jedi.Script(
/home/jdreeder1/.vscode-server/extensions/ms-python.python-2021.2.633441544/pythonFiles/completion.py:626: DeprecationWarning: Deprecated since version 0.16.0. Use Script(...).infer instead.
  script.goto_definitions(), request["id"]

Error 2021-05-25 01:38:50: stderr jediProxy Error (stderr) /home/jdreeder1/.vscode-server/extensions/ms-python.python-2021.2.633441544/pythonFiles/completion.py:592: DeprecationWarning: Providing the line is now done in the functions themselves like `Script(...).complete(line, column)`
  script = jedi.Script(
/home/jdreeder1/.vscode-server/extensions/ms-python.python-2021.2.633441544/pythonFiles/completion.py:592: DeprecationWarning: Providing the column is now done in the functions themselves like `Script(...).complete(line, column)`
  script = jedi.Script(
/home/jdreeder1/.vscode-server/extensions/ms-python.python-2021.2.633441544/pythonFiles/completion.py:592: DeprecationWarning: Use the code keyword argument instead.
  script = jedi.Script(
/home/jdreeder1/.vscode-server/extensions/ms-python.python-2021.2.633441544/pythonFiles/completion.py:592: DeprecationWarning: Deprecated since version 0.17.0. Use the project API instead, which means Script(project=Project(dir, sys_path=sys_path)) instead.
  script = jedi.Script(

Error 2021-05-25 01:38:50: stderr jediProxy Error (stderr) /home/jdreeder1/.vscode-server/extensions/ms-python.python-2021.2.633441544/pythonFiles/completion.py:105: DeprecationWarning: Deprecated since version 0.16.0. Use Script(...).get_signatures instead.
  call_signatures = script.call_signatures()
/home/jdreeder1/.vscode-server/extensions/ms-python.python-2021.2.633441544/pythonFiles/completion.py:230: DeprecationWarning: Deprecated since version 0.16.0. Use Script(...).complete instead.
  completions = script.completions()

Error 2021-05-25 01:38:55: stderr jediProxy Error (stderr) /home/jdreeder1/.vscode-server/extensions/ms-python.python-2021.2.633441544/pythonFiles/completion.py:626: DeprecationWarning: Deprecated since version 0.16.0. Use Script(...).infer instead.
  script.goto_definitions(), request["id"]

Error 2021-05-25 01:38:58: stderr jediProxy Error (stderr) /home/jdreeder1/.vscode-server/extensions/ms-python.python-2021.2.633441544/pythonFiles/completion.py:592: DeprecationWarning: Providing the line is now done in the functions themselves like `Script(...).complete(line, column)`
  script = jedi.Script(
/home/jdreeder1/.vscode-server/extensions/ms-python.python-2021.2.633441544/pythonFiles/completion.py:592: DeprecationWarning: Providing the column is now done in the functions themselves like `Script(...).complete(line, column)`
  script = jedi.Script(
/home/jdreeder1/.vscode-server/extensions/ms-python.python-2021.2.633441544/pythonFiles/completion.py:592: DeprecationWarning: Use the code keyword argument instead.
  script = jedi.Script(
/home/jdreeder1/.vscode-server/extensions/ms-python.python-2021.2.633441544/pythonFiles/completion.py:592: DeprecationWarning: Deprecated since version 0.17.0. Use the project API instead, which means Script(project=Project(dir, sys_path=sys_path)) instead.
  script = jedi.Script(
/home/jdreeder1/.vscode-server/extensions/ms-python.python-2021.2.633441544/pythonFiles/completion.py:626: DeprecationWarning: Deprecated since version 0.16.0. Use Script(...).infer instead.
  script.goto_definitions(), request["id"]
/home/jdreeder1/.vscode-server/extensions/ms-python.python-2021.2.633441544/pythonFiles/completion.py:592: DeprecationWarning: Providing the line is now done in the functions themselves like `Script(...).complete(line, column)`
  script = jedi.Script(
/home/jdreeder1/.vscode-server/extensions/ms-python.python-2021.2.633441544/pythonFiles/completion.py:592: DeprecationWarning: Providing the column is now done in the functions themselves like `Script(...).complete(line, column)`
  script = jedi.Script(
/home/jdreeder1/.vscode-server/extensions/ms-python.python-2021.2.633441544/pythonFiles/completion.py:592: DeprecationWarning: Use the code keyword argument instead.
  script = jedi.Script(
/home/jdreeder1/.vscode-server/extensions/ms-python.python-2021.2.633441544/pythonFiles/completion.py:592: DeprecationWarning: Deprecated since version 0.17.0. Use the project API instead, which means Script(project=Project(dir, sys_path=sys_path)) instead.
  script = jedi.Script(
/home/jdreeder1/.vscode-server/extensions/ms-python.python-2021.2.633441544/pythonFiles/completion.py:626: DeprecationWarning: Deprecated since version 0.16.0. Use Script(...).infer instead.
  script.goto_definitions(), request["id"]
/home/jdreeder1/.vscode-server/extensions/ms-python.python-2021.2.633441544/pythonFiles/completion.py:592: DeprecationWarning: Providing the line is now done in the functions themselves like `Script(...).complete(line, column)`
  script = jedi.Script(
/home/jdreeder1/.vscode-server/extensions/ms-python.python-2021.2.633441544/pythonFiles/completion.py:592: DeprecationWarning: Providing the column is now done in the functions themselves like `Script(...).complete(line, column)`
  script = jedi.Script(
/home/jdreeder1/.vscode-server/extensions/ms-python.python-2021.2.633441544/pythonFiles/completion.py:592: DeprecationWarning: Use the code keyword argument instead.
  script = jedi.Script(
/home/jdreeder1/.vscode-server/extensions/ms-python.python-2021.2.633441544/pythonFiles/completion.py:592: DeprecationWarning: Deprecated since version 0.17.0. Use the project API instead, which means Script(project=Project(dir, sys_path=sys_path)) instead.
  script = jedi.Script(
/home/jdreeder1/.vscode-server/extensions/ms-python.python-2021.2.633441544/pythonFiles/completion.py:626: DeprecationWarning: Deprecated since version 0.16.0. Use Script(...).infer instead.
  script.goto_definitions(), request["id"]

Error 2021-05-25 01:38:58: stderr jediProxy Error (stderr) /home/jdreeder1/.vscode-server/extensions/ms-python.python-2021.2.633441544/pythonFiles/completion.py:592: DeprecationWarning: Providing the line is now done in the functions themselves like `Script(...).complete(line, column)`
  script = jedi.Script(
/home/jdreeder1/.vscode-server/extensions/ms-python.python-2021.2.633441544/pythonFiles/completion.py:592: DeprecationWarning: Providing the column is now done in the functions themselves like `Script(...).complete(line, column)`
  script = jedi.Script(
/home/jdreeder1/.vscode-server/extensions/ms-python.python-2021.2.633441544/pythonFiles/completion.py:592: DeprecationWarning: Use the code keyword argument instead.
  script = jedi.Script(
/home/jdreeder1/.vscode-server/extensions/ms-python.python-2021.2.633441544/pythonFiles/completion.py:592: DeprecationWarning: Deprecated since version 0.17.0. Use the project API instead, which means Script(project=Project(dir, sys_path=sys_path)) instead.
  script = jedi.Script(
/home/jdreeder1/.vscode-server/extensions/ms-python.python-2021.2.633441544/pythonFiles/completion.py:105: DeprecationWarning: Deprecated since version 0.16.0. Use Script(...).get_signatures instead.
  call_signatures = script.call_signatures()
/home/jdreeder1/.vscode-server/extensions/ms-python.python-2021.2.633441544/pythonFiles/completion.py:230: DeprecationWarning: Deprecated since version 0.16.0. Use Script(...).complete instead.
  completions = script.completions()

Error 2021-05-25 01:38:59: stderr jediProxy Error (stderr) /home/jdreeder1/.vscode-server/extensions/ms-python.python-2021.2.633441544/pythonFiles/completion.py:592: DeprecationWarning: Providing the line is now done in the functions themselves like `Script(...).complete(line, column)`
  script = jedi.Script(
/home/jdreeder1/.vscode-server/extensions/ms-python.python-2021.2.633441544/pythonFiles/completion.py:592: DeprecationWarning: Providing the column is now done in the functions themselves like `Script(...).complete(line, column)`
  script = jedi.Script(
/home/jdreeder1/.vscode-server/extensions/ms-python.python-2021.2.633441544/pythonFiles/completion.py:592: DeprecationWarning: Use the code keyword argument instead.
  script = jedi.Script(

Error 2021-05-25 01:38:59: stderr jediProxy Error (stderr) /home/jdreeder1/.vscode-server/extensions/ms-python.python-2021.2.633441544/pythonFiles/completion.py:592: DeprecationWarning: Deprecated since version 0.17.0. Use the project API instead, which means Script(project=Project(dir, sys_path=sys_path)) instead.
  script = jedi.Script(

Error 2021-05-25 01:38:59: stderr jediProxy Error (stderr) /home/jdreeder1/.vscode-server/extensions/ms-python.python-2021.2.633441544/pythonFiles/completion.py:144: DeprecationWarning: Deprecated since version 0.16.0. Use Script(...).get_signatures instead.
  call_signatures = script.call_signatures()

Error 2021-05-25 01:39:00: stderr jediProxy Error (stderr) /home/jdreeder1/.vscode-server/extensions/ms-python.python-2021.2.633441544/pythonFiles/completion.py:584: DeprecationWarning: Deprecated since version 0.16.0. Use Script(...).get_names instead.
  jedi.api.names(

Error 2021-05-25 01:39:03: stderr jediProxy Error (stderr) /home/jdreeder1/.vscode-server/extensions/ms-python.python-2021.2.633441544/pythonFiles/completion.py:584: DeprecationWarning: Deprecated since version 0.16.0. Use Script(...).get_names instead.
  jedi.api.names(

Error 2021-05-25 01:39:06: stderr jediProxy Error (stderr) /home/jdreeder1/.vscode-server/extensions/ms-python.python-2021.2.633441544/pythonFiles/completion.py:584: DeprecationWarning: Deprecated since version 0.16.0. Use Script(...).get_names instead.
  jedi.api.names(

Error 2021-05-25 01:39:06: stderr jediProxy Error (stderr) /home/jdreeder1/.vscode-server/extensions/ms-python.python-2021.2.633441544/pythonFiles/completion.py:592: DeprecationWarning: Providing the line is now done in the functions themselves like `Script(...).complete(line, column)`
  script = jedi.Script(
/home/jdreeder1/.vscode-server/extensions/ms-python.python-2021.2.633441544/pythonFiles/completion.py:592: DeprecationWarning: Providing the column is now done in the functions themselves like `Script(...).complete(line, column)`
  script = jedi.Script(
/home/jdreeder1/.vscode-server/extensions/ms-python.python-2021.2.633441544/pythonFiles/completion.py:592: DeprecationWarning: Use the code keyword argument instead.
  script = jedi.Script(
/home/jdreeder1/.vscode-server/extensions/ms-python.python-2021.2.633441544/pythonFiles/completion.py:592: DeprecationWarning: Deprecated since version 0.17.0. Use the project API instead, which means Script(project=Project(dir, sys_path=sys_path)) instead.
  script = jedi.Script(
/home/jdreeder1/.vscode-server/extensions/ms-python.python-2021.2.633441544/pythonFiles/completion.py:144: DeprecationWarning: Deprecated since version 0.16.0. Use Script(...).get_signatures instead.
  call_signatures = script.call_signatures()

Error 2021-05-25 01:39:08: stderr jediProxy Error (stderr) /home/jdreeder1/.vscode-server/extensions/ms-python.python-2021.2.633441544/pythonFiles/completion.py:584: DeprecationWarning: Deprecated since version 0.16.0. Use Script(...).get_names instead.
  jedi.api.names(

Error 2021-05-25 01:39:11: stderr jediProxy Error (stderr) /home/jdreeder1/.vscode-server/extensions/ms-python.python-2021.2.633441544/pythonFiles/completion.py:584: DeprecationWarning: Deprecated since version 0.16.0. Use Script(...).get_names instead.
  jedi.api.names(

Error 2021-05-25 01:39:13: stderr jediProxy Error (stderr) /home/jdreeder1/.vscode-server/extensions/ms-python.python-2021.2.633441544/pythonFiles/completion.py:592: DeprecationWarning: Providing the line is now done in the functions themselves like `Script(...).complete(line, column)`
  script = jedi.Script(
/home/jdreeder1/.vscode-server/extensions/ms-python.python-2021.2.633441544/pythonFiles/completion.py:592: DeprecationWarning: Providing the column is now done in the functions themselves like `Script(...).complete(line, column)`
  script = jedi.Script(
/home/jdreeder1/.vscode-server/extensions/ms-python.python-2021.2.633441544/pythonFiles/completion.py:592: DeprecationWarning: Use the code keyword argument instead.
  script = jedi.Script(
/home/jdreeder1/.vscode-server/extensions/ms-python.python-2021.2.633441544/pythonFiles/completion.py:592: DeprecationWarning: Deprecated since version 0.17.0. Use the project API instead, which means Script(project=Project(dir, sys_path=sys_path)) instead.
  script = jedi.Script(

Error 2021-05-25 01:39:13: stderr jediProxy Error (stderr) /home/jdreeder1/.vscode-server/extensions/ms-python.python-2021.2.633441544/pythonFiles/completion.py:626: DeprecationWarning: Deprecated since version 0.16.0. Use Script(...).infer instead.
  script.goto_definitions(), request["id"]

Error 2021-05-25 01:39:14: stderr jediProxy Error (stderr) /home/jdreeder1/.vscode-server/extensions/ms-python.python-2021.2.633441544/pythonFiles/completion.py:592: DeprecationWarning: Providing the line is now done in the functions themselves like `Script(...).complete(line, column)`
  script = jedi.Script(
/home/jdreeder1/.vscode-server/extensions/ms-python.python-2021.2.633441544/pythonFiles/completion.py:592: DeprecationWarning: Providing the column is now done in the functions themselves like `Script(...).complete(line, column)`
  script = jedi.Script(

Error 2021-05-25 01:39:14: stderr jediProxy Error (stderr) /home/jdreeder1/.vscode-server/extensions/ms-python.python-2021.2.633441544/pythonFiles/completion.py:592: DeprecationWarning: Use the code keyword argument instead.
  script = jedi.Script(
/home/jdreeder1/.vscode-server/extensions/ms-python.python-2021.2.633441544/pythonFiles/completion.py:592: DeprecationWarning: Deprecated since version 0.17.0. Use the project API instead, which means Script(project=Project(dir, sys_path=sys_path)) instead.
  script = jedi.Script(
/home/jdreeder1/.vscode-server/extensions/ms-python.python-2021.2.633441544/pythonFiles/completion.py:626: DeprecationWarning: Deprecated since version 0.16.0. Use Script(...).infer instead.
  script.goto_definitions(), request["id"]

Error 2021-05-25 01:39:16: stderr jediProxy Error (stderr) /home/jdreeder1/.vscode-server/extensions/ms-python.python-2021.2.633441544/pythonFiles/completion.py:592: DeprecationWarning: Providing the line is now done in the functions themselves like `Script(...).complete(line, column)`
  script = jedi.Script(
/home/jdreeder1/.vscode-server/extensions/ms-python.python-2021.2.633441544/pythonFiles/completion.py:592: DeprecationWarning: Providing the column is now done in the functions themselves like `Script(...).complete(line, column)`
  script = jedi.Script(
/home/jdreeder1/.vscode-server/extensions/ms-python.python-2021.2.633441544/pythonFiles/completion.py:592: DeprecationWarning: Use the code keyword argument instead.
  script = jedi.Script(
/home/jdreeder1/.vscode-server/extensions/ms-python.python-2021.2.633441544/pythonFiles/completion.py:592: DeprecationWarning: Deprecated since version 0.17.0. Use the project API instead, which means Script(project=Project(dir, sys_path=sys_path)) instead.
  script = jedi.Script(

Error 2021-05-25 01:39:16: stderr jediProxy Error (stderr) /home/jdreeder1/.vscode-server/extensions/ms-python.python-2021.2.633441544/pythonFiles/completion.py:105: DeprecationWarning: Deprecated since version 0.16.0. Use Script(...).get_signatures instead.
  call_signatures = script.call_signatures()

Error 2021-05-25 01:39:16: stderr jediProxy Error (stderr) /home/jdreeder1/.vscode-server/extensions/ms-python.python-2021.2.633441544/pythonFiles/completion.py:230: DeprecationWarning: Deprecated since version 0.16.0. Use Script(...).complete instead.
  completions = script.completions()

Error 2021-05-25 01:39:16: stderr jediProxy Error (stderr) /home/jdreeder1/.vscode-server/extensions/ms-python.python-2021.2.633441544/pythonFiles/completion.py:626: DeprecationWarning: Deprecated since version 0.16.0. Use Script(...).infer instead.
  script.goto_definitions(), request["id"]

Error 2021-05-25 01:39:19: stderr jediProxy Error (stderr) /home/jdreeder1/.vscode-server/extensions/ms-python.python-2021.2.633441544/pythonFiles/completion.py:584: DeprecationWarning: Deprecated since version 0.16.0. Use Script(...).get_names instead.
  jedi.api.names(

Error 2021-05-25 01:39:21: stderr jediProxy Error (stderr) /home/jdreeder1/.vscode-server/extensions/ms-python.python-2021.2.633441544/pythonFiles/completion.py:584: DeprecationWarning: Deprecated since version 0.16.0. Use Script(...).get_names instead.
  jedi.api.names(

Error 2021-05-25 01:39:24: stderr jediProxy Error (stderr) /home/jdreeder1/.vscode-server/extensions/ms-python.python-2021.2.633441544/pythonFiles/completion.py:584: DeprecationWarning: Deprecated since version 0.16.0. Use Script(...).get_names instead.
  jedi.api.names(

Error 2021-05-25 01:42:15: stderr jediProxy Error (stderr) /home/jdreeder1/.vscode-server/extensions/ms-python.python-2021.2.633441544/pythonFiles/completion.py:592: DeprecationWarning: Providing the line is now done in the functions themselves like `Script(...).complete(line, column)`
  script = jedi.Script(
/home/jdreeder1/.vscode-server/extensions/ms-python.python-2021.2.633441544/pythonFiles/completion.py:592: DeprecationWarning: Providing the column is now done in the functions themselves like `Script(...).complete(line, column)`
  script = jedi.Script(

Error 2021-05-25 01:42:15: stderr jediProxy Error (stderr) /home/jdreeder1/.vscode-server/extensions/ms-python.python-2021.2.633441544/pythonFiles/completion.py:592: DeprecationWarning: Deprecated since version 0.17.0. Use the project API instead, which means Script(project=Project(dir, sys_path=sys_path)) instead.
  script = jedi.Script(
/home/jdreeder1/.vscode-server/extensions/ms-python.python-2021.2.633441544/pythonFiles/completion.py:626: DeprecationWarning: Deprecated since version 0.16.0. Use Script(...).infer instead.
  script.goto_definitions(), request["id"]

Error 2021-05-25 01:42:18: stderr jediProxy Error (stderr) /home/jdreeder1/.vscode-server/extensions/ms-python.python-2021.2.633441544/pythonFiles/completion.py:592: DeprecationWarning: Providing the line is now done in the functions themselves like `Script(...).complete(line, column)`
  script = jedi.Script(
/home/jdreeder1/.vscode-server/extensions/ms-python.python-2021.2.633441544/pythonFiles/completion.py:592: DeprecationWarning: Providing the column is now done in the functions themselves like `Script(...).complete(line, column)`
  script = jedi.Script(

Error 2021-05-25 01:42:18: stderr jediProxy Error (stderr) /home/jdreeder1/.vscode-server/extensions/ms-python.python-2021.2.633441544/pythonFiles/completion.py:592: DeprecationWarning: Deprecated since version 0.17.0. Use the project API instead, which means Script(project=Project(dir, sys_path=sys_path)) instead.
  script = jedi.Script(
/home/jdreeder1/.vscode-server/extensions/ms-python.python-2021.2.633441544/pythonFiles/completion.py:626: DeprecationWarning: Deprecated since version 0.16.0. Use Script(...).infer instead.
  script.goto_definitions(), request["id"]

Error 2021-05-25 01:42:23: stderr jediProxy Error (stderr) /home/jdreeder1/.vscode-server/extensions/ms-python.python-2021.2.633441544/pythonFiles/completion.py:584: DeprecationWarning: Deprecated since version 0.16.0. Use Script(...).get_names instead.
  jedi.api.names(

Error 2021-05-25 01:42:28: stderr jediProxy Error (stderr) /home/jdreeder1/.vscode-server/extensions/ms-python.python-2021.2.633441544/pythonFiles/completion.py:592: DeprecationWarning: Providing the line is now done in the functions themselves like `Script(...).complete(line, column)`
  script = jedi.Script(
/home/jdreeder1/.vscode-server/extensions/ms-python.python-2021.2.633441544/pythonFiles/completion.py:592: DeprecationWarning: Providing the column is now done in the functions themselves like `Script(...).complete(line, column)`
  script = jedi.Script(
/home/jdreeder1/.vscode-server/extensions/ms-python.python-2021.2.633441544/pythonFiles/completion.py:592: DeprecationWarning: Use the code keyword argument instead.
  script = jedi.Script(

Error 2021-05-25 01:42:28: stderr jediProxy Error (stderr) /home/jdreeder1/.vscode-server/extensions/ms-python.python-2021.2.633441544/pythonFiles/completion.py:592: DeprecationWarning: Deprecated since version 0.17.0. Use the project API instead, which means Script(project=Project(dir, sys_path=sys_path)) instead.
  script = jedi.Script(
/home/jdreeder1/.vscode-server/extensions/ms-python.python-2021.2.633441544/pythonFiles/completion.py:626: DeprecationWarning: Deprecated since version 0.16.0. Use Script(...).infer instead.
  script.goto_definitions(), request["id"]

Error 2021-05-25 01:42:29: stderr jediProxy Error (stderr) /home/jdreeder1/.vscode-server/extensions/ms-python.python-2021.2.633441544/pythonFiles/completion.py:592: DeprecationWarning: Providing the line is now done in the functions themselves like `Script(...).complete(line, column)`
  script = jedi.Script(
/home/jdreeder1/.vscode-server/extensions/ms-python.python-2021.2.633441544/pythonFiles/completion.py:592: DeprecationWarning: Providing the column is now done in the functions themselves like `Script(...).complete(line, column)`
  script = jedi.Script(
/home/jdreeder1/.vscode-server/extensions/ms-python.python-2021.2.633441544/pythonFiles/completion.py:592: DeprecationWarning: Use the code keyword argument instead.
  script = jedi.Script(

Error 2021-05-25 01:42:29: stderr jediProxy Error (stderr) /home/jdreeder1/.vscode-server/extensions/ms-python.python-2021.2.633441544/pythonFiles/completion.py:592: DeprecationWarning: Deprecated since version 0.17.0. Use the project API instead, which means Script(project=Project(dir, sys_path=sys_path)) instead.
  script = jedi.Script(
/home/jdreeder1/.vscode-server/extensions/ms-python.python-2021.2.633441544/pythonFiles/completion.py:626: DeprecationWarning: Deprecated since version 0.16.0. Use Script(...).infer instead.
  script.goto_definitions(), request["id"]

Error 2021-05-25 01:42:30: stderr jediProxy Error (stderr) /home/jdreeder1/.vscode-server/extensions/ms-python.python-2021.2.633441544/pythonFiles/completion.py:592: DeprecationWarning: Providing the line is now done in the functions themselves like `Script(...).complete(line, column)`
  script = jedi.Script(

Error 2021-05-25 01:42:30: stderr jediProxy Error (stderr) /home/jdreeder1/.vscode-server/extensions/ms-python.python-2021.2.633441544/pythonFiles/completion.py:592: DeprecationWarning: Providing the column is now done in the functions themselves like `Script(...).complete(line, column)`
  script = jedi.Script(
/home/jdreeder1/.vscode-server/extensions/ms-python.python-2021.2.633441544/pythonFiles/completion.py:592: DeprecationWarning: Use the code keyword argument instead.
  script = jedi.Script(
/home/jdreeder1/.vscode-server/extensions/ms-python.python-2021.2.633441544/pythonFiles/completion.py:592: DeprecationWarning: Deprecated since version 0.17.0. Use the project API instead, which means Script(project=Project(dir, sys_path=sys_path)) instead.
  script = jedi.Script(

Error 2021-05-25 01:42:30: stderr jediProxy Error (stderr) /home/jdreeder1/.vscode-server/extensions/ms-python.python-2021.2.633441544/pythonFiles/completion.py:105: DeprecationWarning: Deprecated since version 0.16.0. Use Script(...).get_signatures instead.
  call_signatures = script.call_signatures()

Error 2021-05-25 01:42:30: stderr jediProxy Error (stderr) /home/jdreeder1/.vscode-server/extensions/ms-python.python-2021.2.633441544/pythonFiles/completion.py:230: DeprecationWarning: Deprecated since version 0.16.0. Use Script(...).complete instead.
  completions = script.completions()

Error 2021-05-25 01:42:30: stderr jediProxy Error (stderr) /home/jdreeder1/.vscode-server/extensions/ms-python.python-2021.2.633441544/pythonFiles/completion.py:626: DeprecationWarning: Deprecated since version 0.16.0. Use Script(...).infer instead.
  script.goto_definitions(), request["id"]

Error 2021-05-25 01:42:30: stderr jediProxy Error (stderr) /home/jdreeder1/.vscode-server/extensions/ms-python.python-2021.2.633441544/pythonFiles/completion.py:592: DeprecationWarning: Providing the line is now done in the functions themselves like `Script(...).complete(line, column)`
  script = jedi.Script(
/home/jdreeder1/.vscode-server/extensions/ms-python.python-2021.2.633441544/pythonFiles/completion.py:592: DeprecationWarning: Providing the column is now done in the functions themselves like `Script(...).complete(line, column)`
  script = jedi.Script(
/home/jdreeder1/.vscode-server/extensions/ms-python.python-2021.2.633441544/pythonFiles/completion.py:592: DeprecationWarning: Use the code keyword argument instead.
  script = jedi.Script(

Error 2021-05-25 01:42:30: stderr jediProxy Error (stderr) /home/jdreeder1/.vscode-server/extensions/ms-python.python-2021.2.633441544/pythonFiles/completion.py:592: DeprecationWarning: Deprecated since version 0.17.0. Use the project API instead, which means Script(project=Project(dir, sys_path=sys_path)) instead.
  script = jedi.Script(
/home/jdreeder1/.vscode-server/extensions/ms-python.python-2021.2.633441544/pythonFiles/completion.py:626: DeprecationWarning: Deprecated since version 0.16.0. Use Script(...).infer instead.
  script.goto_definitions(), request["id"]

Error 2021-05-25 01:42:30: stderr jediProxy Error (stderr) /home/jdreeder1/.vscode-server/extensions/ms-python.python-2021.2.633441544/pythonFiles/completion.py:592: DeprecationWarning: Providing the line is now done in the functions themselves like `Script(...).complete(line, column)`
  script = jedi.Script(
/home/jdreeder1/.vscode-server/extensions/ms-python.python-2021.2.633441544/pythonFiles/completion.py:592: DeprecationWarning: Providing the column is now done in the functions themselves like `Script(...).complete(line, column)`
  script = jedi.Script(

Error 2021-05-25 01:42:30: stderr jediProxy Error (stderr) /home/jdreeder1/.vscode-server/extensions/ms-python.python-2021.2.633441544/pythonFiles/completion.py:592: DeprecationWarning: Use the code keyword argument instead.
  script = jedi.Script(
/home/jdreeder1/.vscode-server/extensions/ms-python.python-2021.2.633441544/pythonFiles/completion.py:592: DeprecationWarning: Deprecated since version 0.17.0. Use the project API instead, which means Script(project=Project(dir, sys_path=sys_path)) instead.
  script = jedi.Script(
/home/jdreeder1/.vscode-server/extensions/ms-python.python-2021.2.633441544/pythonFiles/completion.py:626: DeprecationWarning: Deprecated since version 0.16.0. Use Script(...).infer instead.
  script.goto_definitions(), request["id"]

Error 2021-05-25 01:42:33: stderr jediProxy Error (stderr) /home/jdreeder1/.vscode-server/extensions/ms-python.python-2021.2.633441544/pythonFiles/completion.py:584: DeprecationWarning: Deprecated since version 0.16.0. Use Script(...).get_names instead.
  jedi.api.names(

Error 2021-05-26 00:12:54: stderr jediProxy Error (stderr) /home/jdreeder1/.vscode-server/extensions/ms-python.python-2021.2.633441544/pythonFiles/completion.py:584: DeprecationWarning: Deprecated since version 0.16.0. Use Script(...).get_names instead.
  jedi.api.names(

Error 2021-05-27 00:59:16: stderr jediProxy Error (stderr) /home/jdreeder1/.vscode-server/extensions/ms-python.python-2021.2.633441544/pythonFiles/completion.py:592: DeprecationWarning: Providing the line is now done in the functions themselves like `Script(...).complete(line, column)`
  script = jedi.Script(
/home/jdreeder1/.vscode-server/extensions/ms-python.python-2021.2.633441544/pythonFiles/completion.py:592: DeprecationWarning: Providing the column is now done in the functions themselves like `Script(...).complete(line, column)`
  script = jedi.Script(

Error 2021-05-27 00:59:16: stderr jediProxy Error (stderr) /home/jdreeder1/.vscode-server/extensions/ms-python.python-2021.2.633441544/pythonFiles/completion.py:592: DeprecationWarning: Deprecated since version 0.17.0. Use the project API instead, which means Script(project=Project(dir, sys_path=sys_path)) instead.
  script = jedi.Script(
/home/jdreeder1/.vscode-server/extensions/ms-python.python-2021.2.633441544/pythonFiles/completion.py:626: DeprecationWarning: Deprecated since version 0.16.0. Use Script(...).infer instead.
  script.goto_definitions(), request["id"]

Error 2021-05-27 00:59:33: stderr jediProxy Error (stderr) /home/jdreeder1/.vscode-server/extensions/ms-python.python-2021.2.633441544/pythonFiles/completion.py:592: DeprecationWarning: Providing the line is now done in the functions themselves like `Script(...).complete(line, column)`
  script = jedi.Script(
/home/jdreeder1/.vscode-server/extensions/ms-python.python-2021.2.633441544/pythonFiles/completion.py:592: DeprecationWarning: Providing the column is now done in the functions themselves like `Script(...).complete(line, column)`
  script = jedi.Script(

Error 2021-05-27 00:59:33: stderr jediProxy Error (stderr) /home/jdreeder1/.vscode-server/extensions/ms-python.python-2021.2.633441544/pythonFiles/completion.py:592: DeprecationWarning: Deprecated since version 0.17.0. Use the project API instead, which means Script(project=Project(dir, sys_path=sys_path)) instead.
  script = jedi.Script(
/home/jdreeder1/.vscode-server/extensions/ms-python.python-2021.2.633441544/pythonFiles/completion.py:626: DeprecationWarning: Deprecated since version 0.16.0. Use Script(...).infer instead.
  script.goto_definitions(), request["id"]

Error 2021-05-27 00:59:40: stderr jediProxy Error (stderr) /home/jdreeder1/.vscode-server/extensions/ms-python.python-2021.2.633441544/pythonFiles/completion.py:584: DeprecationWarning: Deprecated since version 0.16.0. Use Script(...).get_names instead.
  jedi.api.names(

Error 2021-05-27 00:59:43: stderr jediProxy Error (stderr) /home/jdreeder1/.vscode-server/extensions/ms-python.python-2021.2.633441544/pythonFiles/completion.py:592: DeprecationWarning: Providing the line is now done in the functions themselves like `Script(...).complete(line, column)`
  script = jedi.Script(
/home/jdreeder1/.vscode-server/extensions/ms-python.python-2021.2.633441544/pythonFiles/completion.py:592: DeprecationWarning: Providing the column is now done in the functions themselves like `Script(...).complete(line, column)`
  script = jedi.Script(

Error 2021-05-27 00:59:43: stderr jediProxy Error (stderr) /home/jdreeder1/.vscode-server/extensions/ms-python.python-2021.2.633441544/pythonFiles/completion.py:592: DeprecationWarning: Use the code keyword argument instead.
  script = jedi.Script(
/home/jdreeder1/.vscode-server/extensions/ms-python.python-2021.2.633441544/pythonFiles/completion.py:592: DeprecationWarning: Deprecated since version 0.17.0. Use the project API instead, which means Script(project=Project(dir, sys_path=sys_path)) instead.
  script = jedi.Script(
/home/jdreeder1/.vscode-server/extensions/ms-python.python-2021.2.633441544/pythonFiles/completion.py:626: DeprecationWarning: Deprecated since version 0.16.0. Use Script(...).infer instead.
  script.goto_definitions(), request["id"]

Error 2021-05-27 00:59:45: stderr jediProxy Error (stderr) /home/jdreeder1/.vscode-server/extensions/ms-python.python-2021.2.633441544/pythonFiles/completion.py:592: DeprecationWarning: Providing the line is now done in the functions themselves like `Script(...).complete(line, column)`
  script = jedi.Script(
/home/jdreeder1/.vscode-server/extensions/ms-python.python-2021.2.633441544/pythonFiles/completion.py:592: DeprecationWarning: Providing the column is now done in the functions themselves like `Script(...).complete(line, column)`
  script = jedi.Script(
/home/jdreeder1/.vscode-server/extensions/ms-python.python-2021.2.633441544/pythonFiles/completion.py:592: DeprecationWarning: Use the code keyword argument instead.
  script = jedi.Script(

Error 2021-05-27 00:59:45: stderr jediProxy Error (stderr) /home/jdreeder1/.vscode-server/extensions/ms-python.python-2021.2.633441544/pythonFiles/completion.py:592: DeprecationWarning: Deprecated since version 0.17.0. Use the project API instead, which means Script(project=Project(dir, sys_path=sys_path)) instead.
  script = jedi.Script(

Error 2021-05-27 00:59:45: stderr jediProxy Error (stderr) /home/jdreeder1/.vscode-server/extensions/ms-python.python-2021.2.633441544/pythonFiles/completion.py:105: DeprecationWarning: Deprecated since version 0.16.0. Use Script(...).get_signatures instead.
  call_signatures = script.call_signatures()

Error 2021-05-27 00:59:45: stderr jediProxy Error (stderr) /home/jdreeder1/.vscode-server/extensions/ms-python.python-2021.2.633441544/pythonFiles/completion.py:230: DeprecationWarning: Deprecated since version 0.16.0. Use Script(...).complete instead.
  completions = script.completions()

Error 2021-05-27 00:59:45: stderr jediProxy Error (stderr) /home/jdreeder1/.vscode-server/extensions/ms-python.python-2021.2.633441544/pythonFiles/completion.py:626: DeprecationWarning: Deprecated since version 0.16.0. Use Script(...).infer instead.
  script.goto_definitions(), request["id"]

Error 2021-05-27 00:59:48: stderr jediProxy Error (stderr) /home/jdreeder1/.vscode-server/extensions/ms-python.python-2021.2.633441544/pythonFiles/completion.py:584: DeprecationWarning: Deprecated since version 0.16.0. Use Script(...).get_names instead.
  jedi.api.names(

Error 2021-05-27 01:39:30: stderr jediProxy Error (stderr) /home/jdreeder1/.vscode-server/extensions/ms-python.python-2021.2.633441544/pythonFiles/completion.py:584: DeprecationWarning: Deprecated since version 0.16.0. Use Script(...).get_names instead.
  jedi.api.names(

Error 2021-05-27 01:40:29: stderr jediProxy Error (stderr) /home/jdreeder1/.vscode-server/extensions/ms-python.python-2021.2.633441544/pythonFiles/completion.py:592: DeprecationWarning: Providing the line is now done in the functions themselves like `Script(...).complete(line, column)`
  script = jedi.Script(
/home/jdreeder1/.vscode-server/extensions/ms-python.python-2021.2.633441544/pythonFiles/completion.py:592: DeprecationWarning: Providing the column is now done in the functions themselves like `Script(...).complete(line, column)`
  script = jedi.Script(

Error 2021-05-27 01:40:29: stderr jediProxy Error (stderr) /home/jdreeder1/.vscode-server/extensions/ms-python.python-2021.2.633441544/pythonFiles/completion.py:592: DeprecationWarning: Deprecated since version 0.17.0. Use the project API instead, which means Script(project=Project(dir, sys_path=sys_path)) instead.
  script = jedi.Script(
/home/jdreeder1/.vscode-server/extensions/ms-python.python-2021.2.633441544/pythonFiles/completion.py:626: DeprecationWarning: Deprecated since version 0.16.0. Use Script(...).infer instead.
  script.goto_definitions(), request["id"]

